# JRE version: OpenJDK Runtime Environment Temurin-21.0.9+10 (21.0.9+10) (build 21.0.9+10-LTS)
# Java VM: OpenJDK 64-Bit Server VM Temurin-21.0.9+10 (21.0.9+10-LTS, mixed mode, sharing, tiered, compressed oops, compressed class ptrs, parallel gc, windows-amd64)
GC Precious Log:
 CardTable entry size: 512
 CPUs: 16 total, 16 available
 Memory: 15228M
 Large Page Support: Disabled
 NUMA Support: Disabled
 Compressed Oops: Enabled (32-bit)
 Alignments: Space 512K, Generation 512K, Heap 2M
 Heap Min Capacity: 100M
 Heap Initial Capacity: 100M
 Heap Max Capacity: 2G
 Pre-touch: Disabled
 Parallel Workers: 13
Heap:
 PSYoungGen      total 2048K, used 1687K [0x00000000d5580000, 0x00000000d5880000, 0x0000000100000000)
  eden space 1536K, 99% used [0x00000000d5580000,0x00000000d56fdde0,0x00000000d5700000)
  from space 512K, 31% used [0x00000000d5800000,0x00000000d5828000,0x00000000d5880000)
  to   space 512K, 0% used [0x00000000d5780000,0x00000000d5780000,0x00000000d5800000)
 ParOldGen       total 658432K, used 658133K [0x0000000080000000, 0x00000000a8300000, 0x00000000d5580000)
  object space 658432K, 99% used [0x0000000080000000,0x00000000a82b5650,0x00000000a8300000)
 Metaspace       used 87554K, committed 89088K, reserved 1179648K
  class space    used 8720K, committed 9408K, reserved 1048576K
GC Heap History (20 events):
Event: 112021.863 GC heap before
{Heap before GC invocations=1852 (full 5):
 PSYoungGen      total 2560K, used 2514K [0x00000000d5580000, 0x00000000d5a80000, 0x0000000100000000)
  eden space 1536K, 100% used [0x00000000d5580000,0x00000000d5700000,0x00000000d5700000)
  from space 1024K, 95% used [0x00000000d5880000,0x00000000d5974a20,0x00000000d5980000)
  to   space 1536K, 0% used [0x00000000d5700000,0x00000000d5700000,0x00000000d5880000)
 ParOldGen       total 653824K, used 653676K [0x0000000080000000, 0x00000000a7e80000, 0x00000000d5580000)
  object space 653824K, 99% used [0x0000000080000000,0x00000000a7e5b3b8,0x00000000a7e80000)
 Metaspace       used 87532K, committed 89088K, reserved 1179648K
  class space    used 8718K, committed 9408K, reserved 1048576K
}
Event: 112021.865 GC heap after
{Heap after GC invocations=1852 (full 5):
 PSYoungGen      total 2560K, used 918K [0x00000000d5580000, 0x00000000d5900000, 0x0000000100000000)
  eden space 1536K, 0% used [0x00000000d5580000,0x00000000d5580000,0x00000000d5700000)
  from space 1024K, 89% used [0x00000000d5700000,0x00000000d57e5840,0x00000000d5800000)
  to   space 1024K, 0% used [0x00000000d5800000,0x00000000d5800000,0x00000000d5900000)
 ParOldGen       total 654848K, used 654615K [0x0000000080000000, 0x00000000a7f80000, 0x00000000d5580000)
  object space 654848K, 99% used [0x0000000080000000,0x00000000a7f45d10,0x00000000a7f80000)
 Metaspace       used 87532K, committed 89088K, reserved 1179648K
  class space    used 8718K, committed 9408K, reserved 1048576K
}
Event: 112021.875 GC heap before
{Heap before GC invocations=1853 (full 5):
 PSYoungGen      total 2560K, used 2454K [0x00000000d5580000, 0x00000000d5900000, 0x0000000100000000)
  eden space 1536K, 100% used [0x00000000d5580000,0x00000000d5700000,0x00000000d5700000)
  from space 1024K, 89% used [0x00000000d5700000,0x00000000d57e5840,0x00000000d5800000)
  to   space 1024K, 0% used [0x00000000d5800000,0x00000000d5800000,0x00000000d5900000)
 ParOldGen       total 654848K, used 654615K [0x0000000080000000, 0x00000000a7f80000, 0x00000000d5580000)
  object space 654848K, 99% used [0x0000000080000000,0x00000000a7f45d10,0x00000000a7f80000)
 Metaspace       used 87532K, committed 89088K, reserved 1179648K
  class space    used 8718K, committed 9408K, reserved 1048576K
}
Event: 112021.877 GC heap after
{Heap after GC invocations=1853 (full 5):
 PSYoungGen      total 2560K, used 704K [0x00000000d5580000, 0x00000000d5900000, 0x0000000100000000)
  eden space 1536K, 0% used [0x00000000d5580000,0x00000000d5580000,0x00000000d5700000)
  from space 1024K, 68% used [0x00000000d5800000,0x00000000d58b0000,0x00000000d5900000)
  to   space 1024K, 0% used [0x00000000d5700000,0x00000000d5700000,0x00000000d5800000)
 ParOldGen       total 655360K, used 655321K [0x0000000080000000, 0x00000000a8000000, 0x00000000d5580000)
  object space 655360K, 99% used [0x0000000080000000,0x00000000a7ff6560,0x00000000a8000000)
 Metaspace       used 87532K, committed 89088K, reserved 1179648K
  class space    used 8718K, committed 9408K, reserved 1048576K
}
Event: 112021.880 GC heap before
{Heap before GC invocations=1854 (full 5):
 PSYoungGen      total 2560K, used 2240K [0x00000000d5580000, 0x00000000d5900000, 0x0000000100000000)
  eden space 1536K, 100% used [0x00000000d5580000,0x00000000d5700000,0x00000000d5700000)
  from space 1024K, 68% used [0x00000000d5800000,0x00000000d58b0000,0x00000000d5900000)
  to   space 1024K, 0% used [0x00000000d5700000,0x00000000d5700000,0x00000000d5800000)
 ParOldGen       total 655360K, used 655321K [0x0000000080000000, 0x00000000a8000000, 0x00000000d5580000)
  object space 655360K, 99% used [0x0000000080000000,0x00000000a7ff6560,0x00000000a8000000)
 Metaspace       used 87533K, committed 89088K, reserved 1179648K
  class space    used 8718K, committed 9408K, reserved 1048576K
}
Event: 112021.881 GC heap after
{Heap after GC invocations=1854 (full 5):
 PSYoungGen      total 2560K, used 913K [0x00000000d5580000, 0x00000000d5900000, 0x0000000100000000)
  eden space 1536K, 0% used [0x00000000d5580000,0x00000000d5580000,0x00000000d5700000)
  from space 1024K, 89% used [0x00000000d5700000,0x00000000d57e4508,0x00000000d5800000)
  to   space 1024K, 0% used [0x00000000d5800000,0x00000000d5800000,0x00000000d5900000)
 ParOldGen       total 655872K, used 655858K [0x0000000080000000, 0x00000000a8080000, 0x00000000d5580000)
  object space 655872K, 99% used [0x0000000080000000,0x00000000a807ca70,0x00000000a8080000)
 Metaspace       used 87533K, committed 89088K, reserved 1179648K
  class space    used 8718K, committed 9408K, reserved 1048576K
}
Event: 112021.885 GC heap before
{Heap before GC invocations=1855 (full 5):
 PSYoungGen      total 2560K, used 2449K [0x00000000d5580000, 0x00000000d5900000, 0x0000000100000000)
  eden space 1536K, 100% used [0x00000000d5580000,0x00000000d5700000,0x00000000d5700000)
  from space 1024K, 89% used [0x00000000d5700000,0x00000000d57e4508,0x00000000d5800000)
  to   space 1024K, 0% used [0x00000000d5800000,0x00000000d5800000,0x00000000d5900000)
 ParOldGen       total 655872K, used 655858K [0x0000000080000000, 0x00000000a8080000, 0x00000000d5580000)
  object space 655872K, 99% used [0x0000000080000000,0x00000000a807ca70,0x00000000a8080000)
 Metaspace       used 87533K, committed 89088K, reserved 1179648K
  class space    used 8718K, committed 9408K, reserved 1048576K
}
Event: 112021.887 GC heap after
{Heap after GC invocations=1855 (full 5):
 PSYoungGen      total 2560K, used 886K [0x00000000d5580000, 0x00000000d5900000, 0x0000000100000000)
  eden space 1536K, 0% used [0x00000000d5580000,0x00000000d5580000,0x00000000d5700000)
  from space 1024K, 86% used [0x00000000d5800000,0x00000000d58dd860,0x00000000d5900000)
  to   space 1024K, 0% used [0x00000000d5700000,0x00000000d5700000,0x00000000d5800000)
 ParOldGen       total 656896K, used 656617K [0x0000000080000000, 0x00000000a8180000, 0x00000000d5580000)
  object space 656896K, 99% used [0x0000000080000000,0x00000000a813a6d0,0x00000000a8180000)
 Metaspace       used 87533K, committed 89088K, reserved 1179648K
  class space    used 8718K, committed 9408K, reserved 1048576K
}
Event: 112021.893 GC heap before
{Heap before GC invocations=1856 (full 5):
 PSYoungGen      total 2560K, used 2422K [0x00000000d5580000, 0x00000000d5900000, 0x0000000100000000)
  eden space 1536K, 100% used [0x00000000d5580000,0x00000000d5700000,0x00000000d5700000)
  from space 1024K, 86% used [0x00000000d5800000,0x00000000d58dd860,0x00000000d5900000)
  to   space 1024K, 0% used [0x00000000d5700000,0x00000000d5700000,0x00000000d5800000)
 ParOldGen       total 656896K, used 656617K [0x0000000080000000, 0x00000000a8180000, 0x00000000d5580000)
  object space 656896K, 99% used [0x0000000080000000,0x00000000a813a6d0,0x00000000a8180000)
 Metaspace       used 87533K, committed 89088K, reserved 1179648K
  class space    used 8718K, committed 9408K, reserved 1048576K
}
Event: 112021.894 GC heap after
{Heap after GC invocations=1856 (full 5):
 PSYoungGen      total 2560K, used 768K [0x00000000d5580000, 0x00000000d5900000, 0x0000000100000000)
  eden space 1536K, 0% used [0x00000000d5580000,0x00000000d5580000,0x00000000d5700000)
  from space 1024K, 75% used [0x00000000d5700000,0x00000000d57c0000,0x00000000d5800000)
  to   space 1024K, 0% used [0x00000000d5800000,0x00000000d5800000,0x00000000d5900000)
 ParOldGen       total 657408K, used 657332K [0x0000000080000000, 0x00000000a8200000, 0x00000000d5580000)
  object space 657408K, 99% used [0x0000000080000000,0x00000000a81ed080,0x00000000a8200000)
 Metaspace       used 87533K, committed 89088K, reserved 1179648K
  class space    used 8718K, committed 9408K, reserved 1048576K
}
Event: 112418.304 GC heap before
{Heap before GC invocations=1857 (full 5):
 PSYoungGen      total 2560K, used 2275K [0x00000000d5580000, 0x00000000d5900000, 0x0000000100000000)
  eden space 1536K, 98% used [0x00000000d5580000,0x00000000d56f8d50,0x00000000d5700000)
  from space 1024K, 75% used [0x00000000d5700000,0x00000000d57c0000,0x00000000d5800000)
  to   space 1024K, 0% used [0x00000000d5800000,0x00000000d5800000,0x00000000d5900000)
 ParOldGen       total 657408K, used 657332K [0x0000000080000000, 0x00000000a8200000, 0x00000000d5580000)
  object space 657408K, 99% used [0x0000000080000000,0x00000000a81ed080,0x00000000a8200000)
 Metaspace       used 87545K, committed 89088K, reserved 1179648K
  class space    used 8718K, committed 9408K, reserved 1048576K
}
Event: 112418.305 GC heap after
{Heap after GC invocations=1857 (full 5):
 PSYoungGen      total 2560K, used 576K [0x00000000d5580000, 0x00000000d5900000, 0x0000000100000000)
  eden space 1536K, 0% used [0x00000000d5580000,0x00000000d5580000,0x00000000d5700000)
  from space 1024K, 56% used [0x00000000d5800000,0x00000000d58902a8,0x00000000d5900000)
  to   space 1024K, 0% used [0x00000000d5700000,0x00000000d5700000,0x00000000d5800000)
 ParOldGen       total 657920K, used 657912K [0x0000000080000000, 0x00000000a8280000, 0x00000000d5580000)
  object space 657920K, 99% used [0x0000000080000000,0x00000000a827e250,0x00000000a8280000)
 Metaspace       used 87545K, committed 89088K, reserved 1179648K
  class space    used 8718K, committed 9408K, reserved 1048576K
}
Event: 120027.267 GC heap before
{Heap before GC invocations=1858 (full 5):
 PSYoungGen      total 2560K, used 2112K [0x00000000d5580000, 0x00000000d5900000, 0x0000000100000000)
  eden space 1536K, 100% used [0x00000000d5580000,0x00000000d5700000,0x00000000d5700000)
  from space 1024K, 56% used [0x00000000d5800000,0x00000000d58902a8,0x00000000d5900000)
  to   space 1024K, 0% used [0x00000000d5700000,0x00000000d5700000,0x00000000d5800000)
 ParOldGen       total 657920K, used 657912K [0x0000000080000000, 0x00000000a8280000, 0x00000000d5580000)
  object space 657920K, 99% used [0x0000000080000000,0x00000000a827e250,0x00000000a8280000)
 Metaspace       used 87545K, committed 89088K, reserved 1179648K
  class space    used 8718K, committed 9408K, reserved 1048576K
}
Event: 120027.357 GC heap after
{Heap after GC invocations=1858 (full 5):
 PSYoungGen      total 2560K, used 320K [0x00000000d5580000, 0x00000000d5880000, 0x0000000100000000)
  eden space 1536K, 0% used [0x00000000d5580000,0x00000000d5580000,0x00000000d5700000)
  from space 1024K, 31% used [0x00000000d5700000,0x00000000d5750000,0x00000000d5800000)
  to   space 512K, 0% used [0x00000000d5800000,0x00000000d5800000,0x00000000d5880000)
 ParOldGen       total 658432K, used 658061K [0x0000000080000000, 0x00000000a8300000, 0x00000000d5580000)
  object space 658432K, 99% used [0x0000000080000000,0x00000000a82a3650,0x00000000a8300000)
 Metaspace       used 87545K, committed 89088K, reserved 1179648K
  class space    used 8718K, committed 9408K, reserved 1048576K
}
Event: 132627.727 GC heap before
{Heap before GC invocations=1859 (full 5):
 PSYoungGen      total 2560K, used 1853K [0x00000000d5580000, 0x00000000d5880000, 0x0000000100000000)
  eden space 1536K, 99% used [0x00000000d5580000,0x00000000d56ff6d0,0x00000000d5700000)
  from space 1024K, 31% used [0x00000000d5700000,0x00000000d5750000,0x00000000d5800000)
  to   space 512K, 0% used [0x00000000d5800000,0x00000000d5800000,0x00000000d5880000)
 ParOldGen       total 658432K, used 658061K [0x0000000080000000, 0x00000000a8300000, 0x00000000d5580000)
  object space 658432K, 99% used [0x0000000080000000,0x00000000a82a3650,0x00000000a8300000)
 Metaspace       used 87546K, committed 89088K, reserved 1179648K
  class space    used 8718K, committed 9408K, reserved 1048576K
}
Event: 132627.737 GC heap after
{Heap after GC invocations=1859 (full 5):
 PSYoungGen      total 2048K, used 224K [0x00000000d5580000, 0x00000000d5880000, 0x0000000100000000)
  eden space 1536K, 0% used [0x00000000d5580000,0x00000000d5580000,0x00000000d5700000)
  from space 512K, 43% used [0x00000000d5800000,0x00000000d5838000,0x00000000d5880000)
  to   space 512K, 0% used [0x00000000d5780000,0x00000000d5780000,0x00000000d5800000)
 ParOldGen       total 658432K, used 658101K [0x0000000080000000, 0x00000000a8300000, 0x00000000d5580000)
  object space 658432K, 99% used [0x0000000080000000,0x00000000a82ad650,0x00000000a8300000)
 Metaspace       used 87546K, committed 89088K, reserved 1179648K
  class space    used 8718K, committed 9408K, reserved 1048576K
}
Event: 145228.272 GC heap before
{Heap before GC invocations=1860 (full 5):
 PSYoungGen      total 2048K, used 1760K [0x00000000d5580000, 0x00000000d5880000, 0x0000000100000000)
  eden space 1536K, 100% used [0x00000000d5580000,0x00000000d5700000,0x00000000d5700000)
  from space 512K, 43% used [0x00000000d5800000,0x00000000d5838000,0x00000000d5880000)
  to   space 512K, 0% used [0x00000000d5780000,0x00000000d5780000,0x00000000d5800000)
 ParOldGen       total 658432K, used 658101K [0x0000000080000000, 0x00000000a8300000, 0x00000000d5580000)
  object space 658432K, 99% used [0x0000000080000000,0x00000000a82ad650,0x00000000a8300000)
 Metaspace       used 87546K, committed 89088K, reserved 1179648K
  class space    used 8718K, committed 9408K, reserved 1048576K
}
Event: 145228.310 GC heap after
{Heap after GC invocations=1860 (full 5):
 PSYoungGen      total 2048K, used 256K [0x00000000d5580000, 0x00000000d5880000, 0x0000000100000000)
  eden space 1536K, 0% used [0x00000000d5580000,0x00000000d5580000,0x00000000d5700000)
  from space 512K, 50% used [0x00000000d5780000,0x00000000d57c0000,0x00000000d5800000)
  to   space 512K, 0% used [0x00000000d5800000,0x00000000d5800000,0x00000000d5880000)
 ParOldGen       total 658432K, used 658125K [0x0000000080000000, 0x00000000a8300000, 0x00000000d5580000)
  object space 658432K, 99% used [0x0000000080000000,0x00000000a82b3650,0x00000000a8300000)
 Metaspace       used 87546K, committed 89088K, reserved 1179648K
  class space    used 8718K, committed 9408K, reserved 1048576K
}
Event: 157828.801 GC heap before
{Heap before GC invocations=1861 (full 5):
 PSYoungGen      total 2048K, used 1792K [0x00000000d5580000, 0x00000000d5880000, 0x0000000100000000)
  eden space 1536K, 100% used [0x00000000d5580000,0x00000000d5700000,0x00000000d5700000)
  from space 512K, 50% used [0x00000000d5780000,0x00000000d57c0000,0x00000000d5800000)
  to   space 512K, 0% used [0x00000000d5800000,0x00000000d5800000,0x00000000d5880000)
 ParOldGen       total 658432K, used 658125K [0x0000000080000000, 0x00000000a8300000, 0x00000000d5580000)
  object space 658432K, 99% used [0x0000000080000000,0x00000000a82b3650,0x00000000a8300000)
 Metaspace       used 87548K, committed 89088K, reserved 1179648K
  class space    used 8718K, committed 9408K, reserved 1048576K
}
Event: 157828.816 GC heap after
{Heap after GC invocations=1861 (full 5):
 PSYoungGen      total 2048K, used 160K [0x00000000d5580000, 0x00000000d5880000, 0x0000000100000000)
  eden space 1536K, 0% used [0x00000000d5580000,0x00000000d5580000,0x00000000d5700000)
  from space 512K, 31% used [0x00000000d5800000,0x00000000d5828000,0x00000000d5880000)
  to   space 512K, 0% used [0x00000000d5780000,0x00000000d5780000,0x00000000d5800000)
 ParOldGen       total 658432K, used 658133K [0x0000000080000000, 0x00000000a8300000, 0x00000000d5580000)
  object space 658432K, 99% used [0x0000000080000000,0x00000000a82b5650,0x00000000a8300000)
 Metaspace       used 87548K, committed 89088K, reserved 1179648K
  class space    used 8718K, committed 9408K, reserved 1048576K
}

