# JRE version: Java(TM) SE Runtime Environment (8.0_111-b14) (build 1.8.0_111-b14)
# Java VM: Java HotSpot(TM) 64-Bit Server VM (25.111-b14 mixed mode windows-amd64 compressed oops)
Heap:
 PSYoungGen      total 114688K, used 38101K [0x00000000d6f00000, 0x00000000df400000, 0x0000000100000000)
  eden space 107008K, 35% used [0x00000000d6f00000,0x00000000d94355b0,0x00000000dd780000)
  from space 7680K, 0% used [0x00000000dec80000,0x00000000dec80000,0x00000000df400000)
  to   space 14336K, 0% used [0x00000000dd800000,0x00000000dd800000,0x00000000de600000)
 ParOldGen       total 82432K, used 24303K [0x0000000084c00000, 0x0000000089c80000, 0x00000000d6f00000)
  object space 82432K, 29% used [0x0000000084c00000,0x00000000863bbe58,0x0000000089c80000)
 Metaspace       used 37730K, capacity 38114K, committed 38616K, reserved 1083392K
  class space    used 4634K, capacity 4742K, committed 4824K, reserved 1048576K
GC Heap History (10 events):
Event: 10.640 GC heap before
{Heap before GC invocations=7 (full 1):
 PSYoungGen      total 36864K, used 36859K [0x00000000d6f00000, 0x00000000dc780000, 0x0000000100000000)
  eden space 31744K, 100% used [0x00000000d6f00000,0x00000000d8e00000,0x00000000d8e00000)
  from space 5120K, 99% used [0x00000000d8e00000,0x00000000d92fec00,0x00000000d9300000)
  to   space 14848K, 0% used [0x00000000db900000,0x00000000db900000,0x00000000dc780000)
 ParOldGen       total 76288K, used 31016K [0x0000000084c00000, 0x0000000089680000, 0x00000000d6f00000)
  object space 76288K, 40% used [0x0000000084c00000,0x0000000086a4a198,0x0000000089680000)
 Metaspace       used 31480K, capacity 31772K, committed 32128K, reserved 1077248K
  class space    used 3837K, capacity 3935K, committed 3968K, reserved 1048576K
Event: 10.647 GC heap after
Heap after GC invocations=7 (full 1):
 PSYoungGen      total 75264K, used 11093K [0x00000000d6f00000, 0x00000000dc880000, 0x0000000100000000)
  eden space 60416K, 0% used [0x00000000d6f00000,0x00000000d6f00000,0x00000000daa00000)
  from space 14848K, 74% used [0x00000000db900000,0x00000000dc3d5400,0x00000000dc780000)
  to   space 15360K, 0% used [0x00000000daa00000,0x00000000daa00000,0x00000000db900000)
 ParOldGen       total 76288K, used 31024K [0x0000000084c00000, 0x0000000089680000, 0x00000000d6f00000)
  object space 76288K, 40% used [0x0000000084c00000,0x0000000086a4c198,0x0000000089680000)
 Metaspace       used 31480K, capacity 31772K, committed 32128K, reserved 1077248K
  class space    used 3837K, capacity 3935K, committed 3968K, reserved 1048576K
}
Event: 14.230 GC heap before
{Heap before GC invocations=8 (full 1):
 PSYoungGen      total 75264K, used 46074K [0x00000000d6f00000, 0x00000000dc880000, 0x0000000100000000)
  eden space 60416K, 57% used [0x00000000d6f00000,0x00000000d9129678,0x00000000daa00000)
  from space 14848K, 74% used [0x00000000db900000,0x00000000dc3d5400,0x00000000dc780000)
  to   space 15360K, 0% used [0x00000000daa00000,0x00000000daa00000,0x00000000db900000)
 ParOldGen       total 76288K, used 31024K [0x0000000084c00000, 0x0000000089680000, 0x00000000d6f00000)
  object space 76288K, 40% used [0x0000000084c00000,0x0000000086a4c198,0x0000000089680000)
 Metaspace       used 34755K, capacity 35028K, committed 35416K, reserved 1081344K
  class space    used 4269K, capacity 4357K, committed 4440K, reserved 1048576K
Event: 14.235 GC heap after
Heap after GC invocations=8 (full 1):
 PSYoungGen      total 75776K, used 8357K [0x00000000d6f00000, 0x00000000dfb00000, 0x0000000100000000)
  eden space 60416K, 0% used [0x00000000d6f00000,0x00000000d6f00000,0x00000000daa00000)
  from space 15360K, 54% used [0x00000000daa00000,0x00000000db2294b0,0x00000000db900000)
  to   space 14848K, 0% used [0x00000000dec80000,0x00000000dec80000,0x00000000dfb00000)
 ParOldGen       total 76288K, used 31032K [0x0000000084c00000, 0x0000000089680000, 0x00000000d6f00000)
  object space 76288K, 40% used [0x0000000084c00000,0x0000000086a4e198,0x0000000089680000)
 Metaspace       used 34755K, capacity 35028K, committed 35416K, reserved 1081344K
  class space    used 4269K, capacity 4357K, committed 4440K, reserved 1048576K
}
Event: 14.235 GC heap before
{Heap before GC invocations=9 (full 2):
 PSYoungGen      total 75776K, used 8357K [0x00000000d6f00000, 0x00000000dfb00000, 0x0000000100000000)
  eden space 60416K, 0% used [0x00000000d6f00000,0x00000000d6f00000,0x00000000daa00000)
  from space 15360K, 54% used [0x00000000daa00000,0x00000000db2294b0,0x00000000db900000)
  to   space 14848K, 0% used [0x00000000dec80000,0x00000000dec80000,0x00000000dfb00000)
 ParOldGen       total 76288K, used 31032K [0x0000000084c00000, 0x0000000089680000, 0x00000000d6f00000)
  object space 76288K, 40% used [0x0000000084c00000,0x0000000086a4e198,0x0000000089680000)
 Metaspace       used 34755K, capacity 35028K, committed 35416K, reserved 1081344K
  class space    used 4269K, capacity 4357K, committed 4440K, reserved 1048576K
Event: 14.272 GC heap after
Heap after GC invocations=9 (full 2):
 PSYoungGen      total 75776K, used 0K [0x00000000d6f00000, 0x00000000dfb00000, 0x0000000100000000)
  eden space 60416K, 0% used [0x00000000d6f00000,0x00000000d6f00000,0x00000000daa00000)
  from space 15360K, 0% used [0x00000000daa00000,0x00000000daa00000,0x00000000db900000)
  to   space 14848K, 0% used [0x00000000dec80000,0x00000000dec80000,0x00000000dfb00000)
 ParOldGen       total 82432K, used 20961K [0x0000000084c00000, 0x0000000089c80000, 0x00000000d6f00000)
  object space 82432K, 25% used [0x0000000084c00000,0x00000000860787a0,0x0000000089c80000)
 Metaspace       used 34755K, capacity 35028K, committed 35416K, reserved 1081344K
  class space    used 4269K, capacity 4357K, committed 4440K, reserved 1048576K
}
Event: 30.683 GC heap before
{Heap before GC invocations=10 (full 2):
 PSYoungGen      total 75776K, used 16419K [0x00000000d6f00000, 0x00000000dfb00000, 0x0000000100000000)
  eden space 60416K, 27% used [0x00000000d6f00000,0x00000000d7f08e80,0x00000000daa00000)
  from space 15360K, 0% used [0x00000000daa00000,0x00000000daa00000,0x00000000db900000)
  to   space 14848K, 0% used [0x00000000dec80000,0x00000000dec80000,0x00000000dfb00000)
 ParOldGen       total 82432K, used 20961K [0x0000000084c00000, 0x0000000089c80000, 0x00000000d6f00000)
  object space 82432K, 25% used [0x0000000084c00000,0x00000000860787a0,0x0000000089c80000)
 Metaspace       used 36772K, capacity 37140K, committed 37464K, reserved 1081344K
  class space    used 4560K, capacity 4677K, committed 4696K, reserved 1048576K
Event: 30.686 GC heap after
Heap after GC invocations=10 (full 2):
 PSYoungGen      total 114688K, used 7527K [0x00000000d6f00000, 0x00000000df400000, 0x0000000100000000)
  eden space 107008K, 0% used [0x00000000d6f00000,0x00000000d6f00000,0x00000000dd780000)
  from space 7680K, 98% used [0x00000000dec80000,0x00000000df3d9e80,0x00000000df400000)
  to   space 14336K, 0% used [0x00000000dd800000,0x00000000dd800000,0x00000000de600000)
 ParOldGen       total 82432K, used 20969K [0x0000000084c00000, 0x0000000089c80000, 0x00000000d6f00000)
  object space 82432K, 25% used [0x0000000084c00000,0x000000008607a7a0,0x0000000089c80000)
 Metaspace       used 36772K, capacity 37140K, committed 37464K, reserved 1081344K
  class space    used 4560K, capacity 4677K, committed 4696K, reserved 1048576K
}
Event: 30.686 GC heap before
{Heap before GC invocations=11 (full 3):
 PSYoungGen      total 114688K, used 7527K [0x00000000d6f00000, 0x00000000df400000, 0x0000000100000000)
  eden space 107008K, 0% used [0x00000000d6f00000,0x00000000d6f00000,0x00000000dd780000)
  from space 7680K, 98% used [0x00000000dec80000,0x00000000df3d9e80,0x00000000df400000)
  to   space 14336K, 0% used [0x00000000dd800000,0x00000000dd800000,0x00000000de600000)
 ParOldGen       total 82432K, used 20969K [0x0000000084c00000, 0x0000000089c80000, 0x00000000d6f00000)
  object space 82432K, 25% used [0x0000000084c00000,0x000000008607a7a0,0x0000000089c80000)
 Metaspace       used 36772K, capacity 37140K, committed 37464K, reserved 1081344K
  class space    used 4560K, capacity 4677K, committed 4696K, reserved 1048576K
Event: 30.763 GC heap after
Heap after GC invocations=11 (full 3):
 PSYoungGen      total 114688K, used 0K [0x00000000d6f00000, 0x00000000df400000, 0x0000000100000000)
  eden space 107008K, 0% used [0x00000000d6f00000,0x00000000d6f00000,0x00000000dd780000)
  from space 7680K, 0% used [0x00000000dec80000,0x00000000dec80000,0x00000000df400000)
  to   space 14336K, 0% used [0x00000000dd800000,0x00000000dd800000,0x00000000de600000)
 ParOldGen       total 82432K, used 24303K [0x0000000084c00000, 0x0000000089c80000, 0x00000000d6f00000)
  object space 82432K, 29% used [0x0000000084c00000,0x00000000863bbe58,0x0000000089c80000)
 Metaspace       used 36772K, capacity 37140K, committed 37464K, reserved 1081344K
  class space    used 4560K, capacity 4677K, committed 4696K, reserved 1048576K
}

