# JRE version: OpenJDK Runtime Environment (8.0_412-b08) (build 1.8.0_412-412-b08)
# Java VM: OpenJDK 64-Bit Server VM (25.412-b08 mixed mode windows-amd64 compressed oops)
Heap:
 PSYoungGen      total 122880K, used 20526K [0x00000000d6f00000, 0x00000000e1080000, 0x0000000100000000)
  eden space 111104K, 18% used [0x00000000d6f00000,0x00000000d830bbc8,0x00000000ddb80000)
  from space 11776K, 0% used [0x00000000e0500000,0x00000000e0500000,0x00000000e1080000)
  to   space 27136K, 0% used [0x00000000ddb80000,0x00000000ddb80000,0x00000000df600000)
 ParOldGen       total 89088K, used 24797K [0x0000000084c00000, 0x000000008a300000, 0x00000000d6f00000)
  object space 89088K, 27% used [0x0000000084c00000,0x00000000864377c8,0x000000008a300000)
 Metaspace       used 39873K, capacity 40256K, committed 40664K, reserved 1085440K
  class space    used 4948K, capacity 5049K, committed 5120K, reserved 1048576K
GC Heap History (10 events):
Event: 4.696 GC heap before
{Heap before GC invocations=5 (full 1):
 PSYoungGen      total 36864K, used 31744K [0x00000000d6f00000, 0x00000000db700000, 0x0000000100000000)
  eden space 31744K, 100% used [0x00000000d6f00000,0x00000000d8e00000,0x00000000d8e00000)
  from space 5120K, 0% used [0x00000000d8e00000,0x00000000d8e00000,0x00000000d9300000)
  to   space 5120K, 0% used [0x00000000db200000,0x00000000db200000,0x00000000db700000)
 ParOldGen       total 77824K, used 13704K [0x0000000084c00000, 0x0000000089800000, 0x00000000d6f00000)
  object space 77824K, 17% used [0x0000000084c00000,0x0000000085962158,0x0000000089800000)
 Metaspace       used 25599K, capacity 25900K, committed 26240K, reserved 1073152K
  class space    used 3032K, capacity 3129K, committed 3200K, reserved 1048576K
Event: 4.700 GC heap after
Heap after GC invocations=5 (full 1):
 PSYoungGen      total 68096K, used 5100K [0x00000000d6f00000, 0x00000000db700000, 0x0000000100000000)
  eden space 62976K, 0% used [0x00000000d6f00000,0x00000000d6f00000,0x00000000dac80000)
  from space 5120K, 99% used [0x00000000db200000,0x00000000db6fb378,0x00000000db700000)
  to   space 5120K, 0% used [0x00000000dad00000,0x00000000dad00000,0x00000000db200000)
 ParOldGen       total 77824K, used 15196K [0x0000000084c00000, 0x0000000089800000, 0x00000000d6f00000)
  object space 77824K, 19% used [0x0000000084c00000,0x0000000085ad7048,0x0000000089800000)
 Metaspace       used 25599K, capacity 25900K, committed 26240K, reserved 1073152K
  class space    used 3032K, capacity 3129K, committed 3200K, reserved 1048576K
}
Event: 6.020 GC heap before
{Heap before GC invocations=6 (full 1):
 PSYoungGen      total 68096K, used 60953K [0x00000000d6f00000, 0x00000000db700000, 0x0000000100000000)
  eden space 62976K, 88% used [0x00000000d6f00000,0x00000000da58b248,0x00000000dac80000)
  from space 5120K, 99% used [0x00000000db200000,0x00000000db6fb378,0x00000000db700000)
  to   space 5120K, 0% used [0x00000000dad00000,0x00000000dad00000,0x00000000db200000)
 ParOldGen       total 77824K, used 15196K [0x0000000084c00000, 0x0000000089800000, 0x00000000d6f00000)
  object space 77824K, 19% used [0x0000000084c00000,0x0000000085ad7048,0x0000000089800000)
 Metaspace       used 34675K, capacity 35054K, committed 35416K, reserved 1081344K
  class space    used 4261K, capacity 4406K, committed 4480K, reserved 1048576K
Event: 6.030 GC heap after
Heap after GC invocations=6 (full 1):
 PSYoungGen      total 68608K, used 5110K [0x00000000d6f00000, 0x00000000e2200000, 0x0000000100000000)
  eden space 63488K, 0% used [0x00000000d6f00000,0x00000000d6f00000,0x00000000dad00000)
  from space 5120K, 99% used [0x00000000dad00000,0x00000000db1fd818,0x00000000db200000)
  to   space 29696K, 0% used [0x00000000e0500000,0x00000000e0500000,0x00000000e2200000)
 ParOldGen       total 77824K, used 19532K [0x0000000084c00000, 0x0000000089800000, 0x00000000d6f00000)
  object space 77824K, 25% used [0x0000000084c00000,0x0000000085f13068,0x0000000089800000)
 Metaspace       used 34675K, capacity 35054K, committed 35416K, reserved 1081344K
  class space    used 4261K, capacity 4406K, committed 4480K, reserved 1048576K
}
Event: 6.030 GC heap before
{Heap before GC invocations=7 (full 2):
 PSYoungGen      total 68608K, used 5110K [0x00000000d6f00000, 0x00000000e2200000, 0x0000000100000000)
  eden space 63488K, 0% used [0x00000000d6f00000,0x00000000d6f00000,0x00000000dad00000)
  from space 5120K, 99% used [0x00000000dad00000,0x00000000db1fd818,0x00000000db200000)
  to   space 29696K, 0% used [0x00000000e0500000,0x00000000e0500000,0x00000000e2200000)
 ParOldGen       total 77824K, used 19532K [0x0000000084c00000, 0x0000000089800000, 0x00000000d6f00000)
  object space 77824K, 25% used [0x0000000084c00000,0x0000000085f13068,0x0000000089800000)
 Metaspace       used 34675K, capacity 35054K, committed 35416K, reserved 1081344K
  class space    used 4261K, capacity 4406K, committed 4480K, reserved 1048576K
Event: 6.125 GC heap after
Heap after GC invocations=7 (full 2):
 PSYoungGen      total 68608K, used 0K [0x00000000d6f00000, 0x00000000e2200000, 0x0000000100000000)
  eden space 63488K, 0% used [0x00000000d6f00000,0x00000000d6f00000,0x00000000dad00000)
  from space 5120K, 0% used [0x00000000dad00000,0x00000000dad00000,0x00000000db200000)
  to   space 29696K, 0% used [0x00000000e0500000,0x00000000e0500000,0x00000000e2200000)
 ParOldGen       total 89088K, used 22786K [0x0000000084c00000, 0x000000008a300000, 0x00000000d6f00000)
  object space 89088K, 25% used [0x0000000084c00000,0x0000000086240900,0x000000008a300000)
 Metaspace       used 34675K, capacity 35054K, committed 35416K, reserved 1081344K
  class space    used 4261K, capacity 4406K, committed 4480K, reserved 1048576K
}
Event: 39.989 GC heap before
{Heap before GC invocations=8 (full 2):
 PSYoungGen      total 68608K, used 50264K [0x00000000d6f00000, 0x00000000e2200000, 0x0000000100000000)
  eden space 63488K, 79% used [0x00000000d6f00000,0x00000000da016288,0x00000000dad00000)
  from space 5120K, 0% used [0x00000000dad00000,0x00000000dad00000,0x00000000db200000)
  to   space 29696K, 0% used [0x00000000e0500000,0x00000000e0500000,0x00000000e2200000)
 ParOldGen       total 89088K, used 22786K [0x0000000084c00000, 0x000000008a300000, 0x00000000d6f00000)
  object space 89088K, 25% used [0x0000000084c00000,0x0000000086240900,0x000000008a300000)
 Metaspace       used 39401K, capacity 39776K, committed 40152K, reserved 1085440K
  class space    used 4882K, capacity 5017K, committed 5120K, reserved 1048576K
Event: 39.993 GC heap after
Heap after GC invocations=8 (full 2):
 PSYoungGen      total 122880K, used 9723K [0x00000000d6f00000, 0x00000000e1080000, 0x0000000100000000)
  eden space 111104K, 0% used [0x00000000d6f00000,0x00000000d6f00000,0x00000000ddb80000)
  from space 11776K, 82% used [0x00000000e0500000,0x00000000e0e7efb0,0x00000000e1080000)
  to   space 27136K, 0% used [0x00000000ddb80000,0x00000000ddb80000,0x00000000df600000)
 ParOldGen       total 89088K, used 22794K [0x0000000084c00000, 0x000000008a300000, 0x00000000d6f00000)
  object space 89088K, 25% used [0x0000000084c00000,0x0000000086242900,0x000000008a300000)
 Metaspace       used 39401K, capacity 39776K, committed 40152K, reserved 1085440K
  class space    used 4882K, capacity 5017K, committed 5120K, reserved 1048576K
}
Event: 39.993 GC heap before
{Heap before GC invocations=9 (full 3):
 PSYoungGen      total 122880K, used 9723K [0x00000000d6f00000, 0x00000000e1080000, 0x0000000100000000)
  eden space 111104K, 0% used [0x00000000d6f00000,0x00000000d6f00000,0x00000000ddb80000)
  from space 11776K, 82% used [0x00000000e0500000,0x00000000e0e7efb0,0x00000000e1080000)
  to   space 27136K, 0% used [0x00000000ddb80000,0x00000000ddb80000,0x00000000df600000)
 ParOldGen       total 89088K, used 22794K [0x0000000084c00000, 0x000000008a300000, 0x00000000d6f00000)
  object space 89088K, 25% used [0x0000000084c00000,0x0000000086242900,0x000000008a300000)
 Metaspace       used 39401K, capacity 39776K, committed 40152K, reserved 1085440K
  class space    used 4882K, capacity 5017K, committed 5120K, reserved 1048576K
Event: 40.043 GC heap after
Heap after GC invocations=9 (full 3):
 PSYoungGen      total 122880K, used 0K [0x00000000d6f00000, 0x00000000e1080000, 0x0000000100000000)
  eden space 111104K, 0% used [0x00000000d6f00000,0x00000000d6f00000,0x00000000ddb80000)
  from space 11776K, 0% used [0x00000000e0500000,0x00000000e0500000,0x00000000e1080000)
  to   space 27136K, 0% used [0x00000000ddb80000,0x00000000ddb80000,0x00000000df600000)
 ParOldGen       total 89088K, used 24797K [0x0000000084c00000, 0x000000008a300000, 0x00000000d6f00000)
  object space 89088K, 27% used [0x0000000084c00000,0x00000000864377c8,0x000000008a300000)
 Metaspace       used 39401K, capacity 39776K, committed 40152K, reserved 1085440K
  class space    used 4882K, capacity 5017K, committed 5120K, reserved 1048576K
}

