# JRE version: OpenJDK Runtime Environment (8.0_412-b08) (build 1.8.0_412-412-b08)
# Java VM: OpenJDK 64-Bit Server VM (25.412-b08 mixed mode windows-amd64 compressed oops)
Heap:
 PSYoungGen      total 132096K, used 18646K [0x00000000d6f00000, 0x00000000e1400000, 0x0000000100000000)
  eden space 114688K, 16% used [0x00000000d6f00000,0x00000000d8135a58,0x00000000ddf00000)
  from space 17408K, 0% used [0x00000000e0300000,0x00000000e0300000,0x00000000e1400000)
  to   space 27136K, 0% used [0x00000000ddf00000,0x00000000ddf00000,0x00000000df980000)
 ParOldGen       total 87040K, used 24678K [0x0000000084c00000, 0x000000008a100000, 0x00000000d6f00000)
  object space 87040K, 28% used [0x0000000084c00000,0x0000000086419b30,0x000000008a100000)
 Metaspace       used 39740K, capacity 40060K, committed 40408K, reserved 1085440K
  class space    used 4947K, capacity 5049K, committed 5080K, reserved 1048576K
GC Heap History (10 events):
Event: 4.727 GC heap before
{Heap before GC invocations=5 (full 1):
 PSYoungGen      total 36864K, used 31744K [0x00000000d6f00000, 0x00000000db700000, 0x0000000100000000)
  eden space 31744K, 100% used [0x00000000d6f00000,0x00000000d8e00000,0x00000000d8e00000)
  from space 5120K, 0% used [0x00000000d8e00000,0x00000000d8e00000,0x00000000d9300000)
  to   space 5120K, 0% used [0x00000000db200000,0x00000000db200000,0x00000000db700000)
 ParOldGen       total 77824K, used 13736K [0x0000000084c00000, 0x0000000089800000, 0x00000000d6f00000)
  object space 77824K, 17% used [0x0000000084c00000,0x000000008596a1a0,0x0000000089800000)
 Metaspace       used 25641K, capacity 25928K, committed 26240K, reserved 1073152K
  class space    used 3066K, capacity 3161K, committed 3200K, reserved 1048576K
Event: 4.732 GC heap after
Heap after GC invocations=5 (full 1):
 PSYoungGen      total 67584K, used 5109K [0x00000000d6f00000, 0x00000000db700000, 0x0000000100000000)
  eden space 62464K, 0% used [0x00000000d6f00000,0x00000000d6f00000,0x00000000dac00000)
  from space 5120K, 99% used [0x00000000db200000,0x00000000db6fd750,0x00000000db700000)
  to   space 5120K, 0% used [0x00000000dad00000,0x00000000dad00000,0x00000000db200000)
 ParOldGen       total 77824K, used 15263K [0x0000000084c00000, 0x0000000089800000, 0x00000000d6f00000)
  object space 77824K, 19% used [0x0000000084c00000,0x0000000085ae7f28,0x0000000089800000)
 Metaspace       used 25641K, capacity 25928K, committed 26240K, reserved 1073152K
  class space    used 3066K, capacity 3161K, committed 3200K, reserved 1048576K
}
Event: 6.090 GC heap before
{Heap before GC invocations=6 (full 1):
 PSYoungGen      total 67584K, used 61698K [0x00000000d6f00000, 0x00000000db700000, 0x0000000100000000)
  eden space 62464K, 90% used [0x00000000d6f00000,0x00000000da643428,0x00000000dac00000)
  from space 5120K, 99% used [0x00000000db200000,0x00000000db6fd750,0x00000000db700000)
  to   space 5120K, 0% used [0x00000000dad00000,0x00000000dad00000,0x00000000db200000)
 ParOldGen       total 77824K, used 15263K [0x0000000084c00000, 0x0000000089800000, 0x00000000d6f00000)
  object space 77824K, 19% used [0x0000000084c00000,0x0000000085ae7f28,0x0000000089800000)
 Metaspace       used 34802K, capacity 35146K, committed 35416K, reserved 1081344K
  class space    used 4283K, capacity 4438K, committed 4440K, reserved 1048576K
Event: 6.097 GC heap after
Heap after GC invocations=6 (full 1):
 PSYoungGen      total 68608K, used 5109K [0x00000000d6f00000, 0x00000000e2000000, 0x0000000100000000)
  eden space 63488K, 0% used [0x00000000d6f00000,0x00000000d6f00000,0x00000000dad00000)
  from space 5120K, 99% used [0x00000000dad00000,0x00000000db1fd7f8,0x00000000db200000)
  to   space 29696K, 0% used [0x00000000e0300000,0x00000000e0300000,0x00000000e2000000)
 ParOldGen       total 77824K, used 19634K [0x0000000084c00000, 0x0000000089800000, 0x00000000d6f00000)
  object space 77824K, 25% used [0x0000000084c00000,0x0000000085f2cbf8,0x0000000089800000)
 Metaspace       used 34802K, capacity 35146K, committed 35416K, reserved 1081344K
  class space    used 4283K, capacity 4438K, committed 4440K, reserved 1048576K
}
Event: 6.097 GC heap before
{Heap before GC invocations=7 (full 2):
 PSYoungGen      total 68608K, used 5109K [0x00000000d6f00000, 0x00000000e2000000, 0x0000000100000000)
  eden space 63488K, 0% used [0x00000000d6f00000,0x00000000d6f00000,0x00000000dad00000)
  from space 5120K, 99% used [0x00000000dad00000,0x00000000db1fd7f8,0x00000000db200000)
  to   space 29696K, 0% used [0x00000000e0300000,0x00000000e0300000,0x00000000e2000000)
 ParOldGen       total 77824K, used 19634K [0x0000000084c00000, 0x0000000089800000, 0x00000000d6f00000)
  object space 77824K, 25% used [0x0000000084c00000,0x0000000085f2cbf8,0x0000000089800000)
 Metaspace       used 34802K, capacity 35146K, committed 35416K, reserved 1081344K
  class space    used 4283K, capacity 4438K, committed 4440K, reserved 1048576K
Event: 6.156 GC heap after
Heap after GC invocations=7 (full 2):
 PSYoungGen      total 68608K, used 0K [0x00000000d6f00000, 0x00000000e2000000, 0x0000000100000000)
  eden space 63488K, 0% used [0x00000000d6f00000,0x00000000d6f00000,0x00000000dad00000)
  from space 5120K, 0% used [0x00000000dad00000,0x00000000dad00000,0x00000000db200000)
  to   space 29696K, 0% used [0x00000000e0300000,0x00000000e0300000,0x00000000e2000000)
 ParOldGen       total 87040K, used 22783K [0x0000000084c00000, 0x000000008a100000, 0x00000000d6f00000)
  object space 87040K, 26% used [0x0000000084c00000,0x000000008623ffc0,0x000000008a100000)
 Metaspace       used 34802K, capacity 35146K, committed 35416K, reserved 1081344K
  class space    used 4283K, capacity 4438K, committed 4440K, reserved 1048576K
}
Event: 22.745 GC heap before
{Heap before GC invocations=8 (full 2):
 PSYoungGen      total 68608K, used 40159K [0x00000000d6f00000, 0x00000000e2000000, 0x0000000100000000)
  eden space 63488K, 63% used [0x00000000d6f00000,0x00000000d9637ff8,0x00000000dad00000)
  from space 5120K, 0% used [0x00000000dad00000,0x00000000dad00000,0x00000000db200000)
  to   space 29696K, 0% used [0x00000000e0300000,0x00000000e0300000,0x00000000e2000000)
 ParOldGen       total 87040K, used 22783K [0x0000000084c00000, 0x000000008a100000, 0x00000000d6f00000)
  object space 87040K, 26% used [0x0000000084c00000,0x000000008623ffc0,0x000000008a100000)
 Metaspace       used 39144K, capacity 39516K, committed 39896K, reserved 1083392K
  class space    used 4877K, capacity 5017K, committed 5080K, reserved 1048576K
Event: 22.748 GC heap after
Heap after GC invocations=8 (full 2):
 PSYoungGen      total 132096K, used 8953K [0x00000000d6f00000, 0x00000000e1400000, 0x0000000100000000)
  eden space 114688K, 0% used [0x00000000d6f00000,0x00000000d6f00000,0x00000000ddf00000)
  from space 17408K, 51% used [0x00000000e0300000,0x00000000e0bbe5d0,0x00000000e1400000)
  to   space 27136K, 0% used [0x00000000ddf00000,0x00000000ddf00000,0x00000000df980000)
 ParOldGen       total 87040K, used 22791K [0x0000000084c00000, 0x000000008a100000, 0x00000000d6f00000)
  object space 87040K, 26% used [0x0000000084c00000,0x0000000086241fc0,0x000000008a100000)
 Metaspace       used 39144K, capacity 39516K, committed 39896K, reserved 1083392K
  class space    used 4877K, capacity 5017K, committed 5080K, reserved 1048576K
}
Event: 22.748 GC heap before
{Heap before GC invocations=9 (full 3):
 PSYoungGen      total 132096K, used 8953K [0x00000000d6f00000, 0x00000000e1400000, 0x0000000100000000)
  eden space 114688K, 0% used [0x00000000d6f00000,0x00000000d6f00000,0x00000000ddf00000)
  from space 17408K, 51% used [0x00000000e0300000,0x00000000e0bbe5d0,0x00000000e1400000)
  to   space 27136K, 0% used [0x00000000ddf00000,0x00000000ddf00000,0x00000000df980000)
 ParOldGen       total 87040K, used 22791K [0x0000000084c00000, 0x000000008a100000, 0x00000000d6f00000)
  object space 87040K, 26% used [0x0000000084c00000,0x0000000086241fc0,0x000000008a100000)
 Metaspace       used 39144K, capacity 39516K, committed 39896K, reserved 1083392K
  class space    used 4877K, capacity 5017K, committed 5080K, reserved 1048576K
Event: 22.798 GC heap after
Heap after GC invocations=9 (full 3):
 PSYoungGen      total 132096K, used 0K [0x00000000d6f00000, 0x00000000e1400000, 0x0000000100000000)
  eden space 114688K, 0% used [0x00000000d6f00000,0x00000000d6f00000,0x00000000ddf00000)
  from space 17408K, 0% used [0x00000000e0300000,0x00000000e0300000,0x00000000e1400000)
  to   space 27136K, 0% used [0x00000000ddf00000,0x00000000ddf00000,0x00000000df980000)
 ParOldGen       total 87040K, used 24678K [0x0000000084c00000, 0x000000008a100000, 0x00000000d6f00000)
  object space 87040K, 28% used [0x0000000084c00000,0x0000000086419b30,0x000000008a100000)
 Metaspace       used 39144K, capacity 39516K, committed 39896K, reserved 1083392K
  class space    used 4877K, capacity 5017K, committed 5080K, reserved 1048576K
}

