# JRE version: Java(TM) SE Runtime Environment (8.0_111-b14) (build 1.8.0_111-b14)
# Java VM: Java HotSpot(TM) 64-Bit Server VM (25.111-b14 mixed mode windows-amd64 compressed oops)
Heap:
 PSYoungGen      total 222208K, used 126219K [0x00000000d6f00000, 0x00000000e9c00000, 0x0000000100000000)
  eden space 196608K, 63% used [0x00000000d6f00000,0x00000000de9a6890,0x00000000e2f00000)
  from space 25600K, 2% used [0x00000000e2f00000,0x00000000e2f9c4e0,0x00000000e4800000)
  to   space 25600K, 0% used [0x00000000e8300000,0x00000000e8300000,0x00000000e9c00000)
 ParOldGen       total 78848K, used 25757K [0x0000000084c00000, 0x0000000089900000, 0x00000000d6f00000)
  object space 78848K, 32% used [0x0000000084c00000,0x0000000086527500,0x0000000089900000)
 Metaspace       used 38008K, capacity 38350K, committed 38872K, reserved 1083392K
  class space    used 4649K, capacity 4776K, committed 4864K, reserved 1048576K
GC Heap History (10 events):
Event: 40.084 GC heap before
{Heap before GC invocations=10 (full 2):
 PSYoungGen      total 89600K, used 16194K [0x00000000d6f00000, 0x00000000e1a00000, 0x0000000100000000)
  eden space 62976K, 25% used [0x00000000d6f00000,0x00000000d7ed0b48,0x00000000dac80000)
  from space 26624K, 0% used [0x00000000dac80000,0x00000000dac80000,0x00000000dc680000)
  to   space 25600K, 0% used [0x00000000e0100000,0x00000000e0100000,0x00000000e1a00000)
 ParOldGen       total 78848K, used 20749K [0x0000000084c00000, 0x0000000089900000, 0x00000000d6f00000)
  object space 78848K, 26% used [0x0000000084c00000,0x00000000860434f8,0x0000000089900000)
 Metaspace       used 36736K, capacity 37076K, committed 37464K, reserved 1081344K
  class space    used 4560K, capacity 4677K, committed 4736K, reserved 1048576K
Event: 40.088 GC heap after
Heap after GC invocations=10 (full 2):
 PSYoungGen      total 138240K, used 7353K [0x00000000d6f00000, 0x00000000e1400000, 0x0000000100000000)
  eden space 118784K, 0% used [0x00000000d6f00000,0x00000000d6f00000,0x00000000de300000)
  from space 19456K, 37% used [0x00000000e0100000,0x00000000e082e708,0x00000000e1400000)
  to   space 25088K, 0% used [0x00000000de300000,0x00000000de300000,0x00000000dfb80000)
 ParOldGen       total 78848K, used 20757K [0x0000000084c00000, 0x0000000089900000, 0x00000000d6f00000)
  object space 78848K, 26% used [0x0000000084c00000,0x00000000860454f8,0x0000000089900000)
 Metaspace       used 36736K, capacity 37076K, committed 37464K, reserved 1081344K
  class space    used 4560K, capacity 4677K, committed 4736K, reserved 1048576K
}
Event: 40.088 GC heap before
{Heap before GC invocations=11 (full 3):
 PSYoungGen      total 138240K, used 7353K [0x00000000d6f00000, 0x00000000e1400000, 0x0000000100000000)
  eden space 118784K, 0% used [0x00000000d6f00000,0x00000000d6f00000,0x00000000de300000)
  from space 19456K, 37% used [0x00000000e0100000,0x00000000e082e708,0x00000000e1400000)
  to   space 25088K, 0% used [0x00000000de300000,0x00000000de300000,0x00000000dfb80000)
 ParOldGen       total 78848K, used 20757K [0x0000000084c00000, 0x0000000089900000, 0x00000000d6f00000)
  object space 78848K, 26% used [0x0000000084c00000,0x00000000860454f8,0x0000000089900000)
 Metaspace       used 36736K, capacity 37076K, committed 37464K, reserved 1081344K
  class space    used 4560K, capacity 4677K, committed 4736K, reserved 1048576K
Event: 40.174 GC heap after
Heap after GC invocations=11 (full 3):
 PSYoungGen      total 138240K, used 0K [0x00000000d6f00000, 0x00000000e1400000, 0x0000000100000000)
  eden space 118784K, 0% used [0x00000000d6f00000,0x00000000d6f00000,0x00000000de300000)
  from space 19456K, 0% used [0x00000000e0100000,0x00000000e0100000,0x00000000e1400000)
  to   space 25088K, 0% used [0x00000000de300000,0x00000000de300000,0x00000000dfb80000)
 ParOldGen       total 78848K, used 24103K [0x0000000084c00000, 0x0000000089900000, 0x00000000d6f00000)
  object space 78848K, 30% used [0x0000000084c00000,0x0000000086389df0,0x0000000089900000)
 Metaspace       used 36736K, capacity 37076K, committed 37464K, reserved 1081344K
  class space    used 4560K, capacity 4677K, committed 4736K, reserved 1048576K
}
Event: 267.492 GC heap before
{Heap before GC invocations=12 (full 3):
 PSYoungGen      total 138240K, used 118784K [0x00000000d6f00000, 0x00000000e1400000, 0x0000000100000000)
  eden space 118784K, 100% used [0x00000000d6f00000,0x00000000de300000,0x00000000de300000)
  from space 19456K, 0% used [0x00000000e0100000,0x00000000e0100000,0x00000000e1400000)
  to   space 25088K, 0% used [0x00000000de300000,0x00000000de300000,0x00000000dfb80000)
 ParOldGen       total 78848K, used 24103K [0x0000000084c00000, 0x0000000089900000, 0x00000000d6f00000)
  object space 78848K, 30% used [0x0000000084c00000,0x0000000086389df0,0x0000000089900000)
 Metaspace       used 37941K, capacity 38242K, committed 38872K, reserved 1083392K
  class space    used 4639K, capacity 4742K, committed 4864K, reserved 1048576K
Event: 267.496 GC heap after
Heap after GC invocations=12 (full 3):
 PSYoungGen      total 143872K, used 2686K [0x00000000d6f00000, 0x00000000e7780000, 0x0000000100000000)
  eden space 118784K, 0% used [0x00000000d6f00000,0x00000000d6f00000,0x00000000de300000)
  from space 25088K, 10% used [0x00000000de300000,0x00000000de59fba0,0x00000000dfb80000)
  to   space 25600K, 0% used [0x00000000e5e80000,0x00000000e5e80000,0x00000000e7780000)
 ParOldGen       total 78848K, used 24111K [0x0000000084c00000, 0x0000000089900000, 0x00000000d6f00000)
  object space 78848K, 30% used [0x0000000084c00000,0x000000008638bdf0,0x0000000089900000)
 Metaspace       used 37941K, capacity 38242K, committed 38872K, reserved 1083392K
  class space    used 4639K, capacity 4742K, committed 4864K, reserved 1048576K
}
Event: 531.056 GC heap before
{Heap before GC invocations=13 (full 3):
 PSYoungGen      total 143872K, used 121470K [0x00000000d6f00000, 0x00000000e7780000, 0x0000000100000000)
  eden space 118784K, 100% used [0x00000000d6f00000,0x00000000de300000,0x00000000de300000)
  from space 25088K, 10% used [0x00000000de300000,0x00000000de59fba0,0x00000000dfb80000)
  to   space 25600K, 0% used [0x00000000e5e80000,0x00000000e5e80000,0x00000000e7780000)
 ParOldGen       total 78848K, used 24111K [0x0000000084c00000, 0x0000000089900000, 0x00000000d6f00000)
  object space 78848K, 30% used [0x0000000084c00000,0x000000008638bdf0,0x0000000089900000)
 Metaspace       used 37964K, capacity 38306K, committed 38872K, reserved 1083392K
  class space    used 4639K, capacity 4742K, committed 4864K, reserved 1048576K
Event: 531.065 GC heap after
Heap after GC invocations=13 (full 3):
 PSYoungGen      total 179200K, used 2094K [0x00000000d6f00000, 0x00000000e6100000, 0x0000000100000000)
  eden space 176640K, 0% used [0x00000000d6f00000,0x00000000d6f00000,0x00000000e1b80000)
  from space 2560K, 81% used [0x00000000e5e80000,0x00000000e608bb60,0x00000000e6100000)
  to   space 25600K, 0% used [0x00000000e2f00000,0x00000000e2f00000,0x00000000e4800000)
 ParOldGen       total 78848K, used 24119K [0x0000000084c00000, 0x0000000089900000, 0x00000000d6f00000)
  object space 78848K, 30% used [0x0000000084c00000,0x000000008638ddf0,0x0000000089900000)
 Metaspace       used 37964K, capacity 38306K, committed 38872K, reserved 1083392K
  class space    used 4639K, capacity 4742K, committed 4864K, reserved 1048576K
}
Event: 928.135 GC heap before
{Heap before GC invocations=14 (full 3):
 PSYoungGen      total 179200K, used 178734K [0x00000000d6f00000, 0x00000000e6100000, 0x0000000100000000)
  eden space 176640K, 100% used [0x00000000d6f00000,0x00000000e1b80000,0x00000000e1b80000)
  from space 2560K, 81% used [0x00000000e5e80000,0x00000000e608bb60,0x00000000e6100000)
  to   space 25600K, 0% used [0x00000000e2f00000,0x00000000e2f00000,0x00000000e4800000)
 ParOldGen       total 78848K, used 24119K [0x0000000084c00000, 0x0000000089900000, 0x00000000d6f00000)
  object space 78848K, 30% used [0x0000000084c00000,0x000000008638ddf0,0x0000000089900000)
 Metaspace       used 37973K, capacity 38306K, committed 38872K, reserved 1083392K
  class space    used 4640K, capacity 4742K, committed 4864K, reserved 1048576K
Event: 928.139 GC heap after
Heap after GC invocations=14 (full 3):
 PSYoungGen      total 222208K, used 625K [0x00000000d6f00000, 0x00000000e9c00000, 0x0000000100000000)
  eden space 196608K, 0% used [0x00000000d6f00000,0x00000000d6f00000,0x00000000e2f00000)
  from space 25600K, 2% used [0x00000000e2f00000,0x00000000e2f9c4e0,0x00000000e4800000)
  to   space 25600K, 0% used [0x00000000e8300000,0x00000000e8300000,0x00000000e9c00000)
 ParOldGen       total 78848K, used 25757K [0x0000000084c00000, 0x0000000089900000, 0x00000000d6f00000)
  object space 78848K, 32% used [0x0000000084c00000,0x0000000086527500,0x0000000089900000)
 Metaspace       used 37973K, capacity 38306K, committed 38872K, reserved 1083392K
  class space    used 4640K, capacity 4742K, committed 4864K, reserved 1048576K
}

