# JRE version: OpenJDK Runtime Environment (8.0_412-b08) (build 1.8.0_412-412-b08)
# Java VM: OpenJDK 64-Bit Server VM (25.412-b08 mixed mode windows-amd64 compressed oops)
Heap:
 PSYoungGen      total 61440K, used 10779K [0x00000000d6f00000, 0x00000000de480000, 0x0000000100000000)
  eden space 32768K, 32% used [0x00000000d6f00000,0x00000000d7986d40,0x00000000d8f00000)
  from space 28672K, 0% used [0x00000000d8f00000,0x00000000d8f00000,0x00000000dab00000)
  to   space 27648K, 0% used [0x00000000dc980000,0x00000000dc980000,0x00000000de480000)
 ParOldGen       total 77824K, used 23495K [0x0000000084c00000, 0x0000000089800000, 0x00000000d6f00000)
  object space 77824K, 30% used [0x0000000084c00000,0x00000000862f1ff8,0x0000000089800000)
 Metaspace       used 36757K, capacity 37124K, committed 37504K, reserved 1081344K
  class space    used 4564K, capacity 4651K, committed 4736K, reserved 1048576K
GC Heap History (10 events):
Event: 20.539 GC heap before
{Heap before GC invocations=6 (full 1):
 PSYoungGen      total 36864K, used 36849K [0x00000000d6f00000, 0x00000000d9800000, 0x0000000100000000)
  eden space 31744K, 100% used [0x00000000d6f00000,0x00000000d8e00000,0x00000000d8e00000)
  from space 5120K, 99% used [0x00000000d9300000,0x00000000d97fc438,0x00000000d9800000)
  to   space 5120K, 0% used [0x00000000d8e00000,0x00000000d8e00000,0x00000000d9300000)
 ParOldGen       total 81408K, used 19928K [0x0000000084c00000, 0x0000000089b80000, 0x00000000d6f00000)
  object space 81408K, 24% used [0x0000000084c00000,0x0000000085f76178,0x0000000089b80000)
 Metaspace       used 34711K, capacity 35012K, committed 35456K, reserved 1081344K
  class space    used 4294K, capacity 4395K, committed 4480K, reserved 1048576K
Event: 20.544 GC heap after
Heap after GC invocations=6 (full 1):
 PSYoungGen      total 36352K, used 5111K [0x00000000d6f00000, 0x00000000dc880000, 0x0000000100000000)
  eden space 31232K, 0% used [0x00000000d6f00000,0x00000000d6f00000,0x00000000d8d80000)
  from space 5120K, 99% used [0x00000000d8e00000,0x00000000d92fdcc8,0x00000000d9300000)
  to   space 30208K, 0% used [0x00000000dab00000,0x00000000dab00000,0x00000000dc880000)
 ParOldGen       total 81408K, used 22309K [0x0000000084c00000, 0x0000000089b80000, 0x00000000d6f00000)
  object space 81408K, 27% used [0x0000000084c00000,0x00000000861c9790,0x0000000089b80000)
 Metaspace       used 34711K, capacity 35012K, committed 35456K, reserved 1081344K
  class space    used 4294K, capacity 4395K, committed 4480K, reserved 1048576K
}
Event: 20.549 GC heap before
{Heap before GC invocations=7 (full 1):
 PSYoungGen      total 36352K, used 5829K [0x00000000d6f00000, 0x00000000dc880000, 0x0000000100000000)
  eden space 31232K, 2% used [0x00000000d6f00000,0x00000000d6fb3a50,0x00000000d8d80000)
  from space 5120K, 99% used [0x00000000d8e00000,0x00000000d92fdcc8,0x00000000d9300000)
  to   space 30208K, 0% used [0x00000000dab00000,0x00000000dab00000,0x00000000dc880000)
 ParOldGen       total 81408K, used 22309K [0x0000000084c00000, 0x0000000089b80000, 0x00000000d6f00000)
  object space 81408K, 27% used [0x0000000084c00000,0x00000000861c9790,0x0000000089b80000)
 Metaspace       used 34821K, capacity 35076K, committed 35456K, reserved 1081344K
  class space    used 4306K, capacity 4395K, committed 4480K, reserved 1048576K
Event: 20.552 GC heap after
Heap after GC invocations=7 (full 1):
 PSYoungGen      total 62976K, used 5287K [0x00000000d6f00000, 0x00000000de380000, 0x0000000100000000)
  eden space 32768K, 0% used [0x00000000d6f00000,0x00000000d6f00000,0x00000000d8f00000)
  from space 30208K, 17% used [0x00000000dab00000,0x00000000db029cb8,0x00000000dc880000)
  to   space 28672K, 0% used [0x00000000d8f00000,0x00000000d8f00000,0x00000000dab00000)
 ParOldGen       total 81408K, used 22309K [0x0000000084c00000, 0x0000000089b80000, 0x00000000d6f00000)
  object space 81408K, 27% used [0x0000000084c00000,0x00000000861c9790,0x0000000089b80000)
 Metaspace       used 34821K, capacity 35076K, committed 35456K, reserved 1081344K
  class space    used 4306K, capacity 4395K, committed 4480K, reserved 1048576K
}
Event: 20.552 GC heap before
{Heap before GC invocations=8 (full 2):
 PSYoungGen      total 62976K, used 5287K [0x00000000d6f00000, 0x00000000de380000, 0x0000000100000000)
  eden space 32768K, 0% used [0x00000000d6f00000,0x00000000d6f00000,0x00000000d8f00000)
  from space 30208K, 17% used [0x00000000dab00000,0x00000000db029cb8,0x00000000dc880000)
  to   space 28672K, 0% used [0x00000000d8f00000,0x00000000d8f00000,0x00000000dab00000)
 ParOldGen       total 81408K, used 22309K [0x0000000084c00000, 0x0000000089b80000, 0x00000000d6f00000)
  object space 81408K, 27% used [0x0000000084c00000,0x00000000861c9790,0x0000000089b80000)
 Metaspace       used 34821K, capacity 35076K, committed 35456K, reserved 1081344K
  class space    used 4306K, capacity 4395K, committed 4480K, reserved 1048576K
Event: 20.582 GC heap after
Heap after GC invocations=8 (full 2):
 PSYoungGen      total 62976K, used 0K [0x00000000d6f00000, 0x00000000de380000, 0x0000000100000000)
  eden space 32768K, 0% used [0x00000000d6f00000,0x00000000d6f00000,0x00000000d8f00000)
  from space 30208K, 0% used [0x00000000dab00000,0x00000000dab00000,0x00000000dc880000)
  to   space 28672K, 0% used [0x00000000d8f00000,0x00000000d8f00000,0x00000000dab00000)
 ParOldGen       total 77824K, used 20808K [0x0000000084c00000, 0x0000000089800000, 0x00000000d6f00000)
  object space 77824K, 26% used [0x0000000084c00000,0x0000000086052008,0x0000000089800000)
 Metaspace       used 34821K, capacity 35076K, committed 35456K, reserved 1081344K
  class space    used 4306K, capacity 4395K, committed 4480K, reserved 1048576K
}
Event: 33.814 GC heap before
{Heap before GC invocations=9 (full 2):
 PSYoungGen      total 62976K, used 28060K [0x00000000d6f00000, 0x00000000de380000, 0x0000000100000000)
  eden space 32768K, 85% used [0x00000000d6f00000,0x00000000d8a67380,0x00000000d8f00000)
  from space 30208K, 0% used [0x00000000dab00000,0x00000000dab00000,0x00000000dc880000)
  to   space 28672K, 0% used [0x00000000d8f00000,0x00000000d8f00000,0x00000000dab00000)
 ParOldGen       total 77824K, used 20808K [0x0000000084c00000, 0x0000000089800000, 0x00000000d6f00000)
  object space 77824K, 26% used [0x0000000084c00000,0x0000000086052008,0x0000000089800000)
 Metaspace       used 36319K, capacity 36644K, committed 37248K, reserved 1081344K
  class space    used 4498K, capacity 4619K, committed 4736K, reserved 1048576K
Event: 33.818 GC heap after
Heap after GC invocations=9 (full 2):
 PSYoungGen      total 61440K, used 3875K [0x00000000d6f00000, 0x00000000de480000, 0x0000000100000000)
  eden space 32768K, 0% used [0x00000000d6f00000,0x00000000d6f00000,0x00000000d8f00000)
  from space 28672K, 13% used [0x00000000d8f00000,0x00000000d92c8e98,0x00000000dab00000)
  to   space 27648K, 0% used [0x00000000dc980000,0x00000000dc980000,0x00000000de480000)
 ParOldGen       total 77824K, used 20816K [0x0000000084c00000, 0x0000000089800000, 0x00000000d6f00000)
  object space 77824K, 26% used [0x0000000084c00000,0x0000000086054008,0x0000000089800000)
 Metaspace       used 36319K, capacity 36644K, committed 37248K, reserved 1081344K
  class space    used 4498K, capacity 4619K, committed 4736K, reserved 1048576K
}
Event: 33.818 GC heap before
{Heap before GC invocations=10 (full 3):
 PSYoungGen      total 61440K, used 3875K [0x00000000d6f00000, 0x00000000de480000, 0x0000000100000000)
  eden space 32768K, 0% used [0x00000000d6f00000,0x00000000d6f00000,0x00000000d8f00000)
  from space 28672K, 13% used [0x00000000d8f00000,0x00000000d92c8e98,0x00000000dab00000)
  to   space 27648K, 0% used [0x00000000dc980000,0x00000000dc980000,0x00000000de480000)
 ParOldGen       total 77824K, used 20816K [0x0000000084c00000, 0x0000000089800000, 0x00000000d6f00000)
  object space 77824K, 26% used [0x0000000084c00000,0x0000000086054008,0x0000000089800000)
 Metaspace       used 36319K, capacity 36644K, committed 37248K, reserved 1081344K
  class space    used 4498K, capacity 4619K, committed 4736K, reserved 1048576K
Event: 33.875 GC heap after
Heap after GC invocations=10 (full 3):
 PSYoungGen      total 61440K, used 0K [0x00000000d6f00000, 0x00000000de480000, 0x0000000100000000)
  eden space 32768K, 0% used [0x00000000d6f00000,0x00000000d6f00000,0x00000000d8f00000)
  from space 28672K, 0% used [0x00000000d8f00000,0x00000000d8f00000,0x00000000dab00000)
  to   space 27648K, 0% used [0x00000000dc980000,0x00000000dc980000,0x00000000de480000)
 ParOldGen       total 77824K, used 23495K [0x0000000084c00000, 0x0000000089800000, 0x00000000d6f00000)
  object space 77824K, 30% used [0x0000000084c00000,0x00000000862f1ff8,0x0000000089800000)
 Metaspace       used 36319K, capacity 36644K, committed 37248K, reserved 1081344K
  class space    used 4498K, capacity 4619K, committed 4736K, reserved 1048576K
}

