# JRE version: OpenJDK Runtime Environment (8.0_412-b08) (build 1.8.0_412-412-b08)
# Java VM: OpenJDK 64-Bit Server VM (25.412-b08 mixed mode windows-amd64 compressed oops)
Heap:
 PSYoungGen      total 149504K, used 18281K [0x00000000d6f00000, 0x00000000e8180000, 0x0000000100000000)
  eden space 121344K, 15% used [0x00000000d6f00000,0x00000000d80da720,0x00000000de580000)
  from space 28160K, 0% used [0x00000000de580000,0x00000000de580000,0x00000000e0100000)
  to   space 27136K, 0% used [0x00000000e6700000,0x00000000e6700000,0x00000000e8180000)
 ParOldGen       total 82432K, used 23679K [0x0000000084c00000, 0x0000000089c80000, 0x00000000d6f00000)
  object space 82432K, 28% used [0x0000000084c00000,0x000000008631fef8,0x0000000089c80000)
 Metaspace       used 36794K, capacity 37160K, committed 37720K, reserved 1083392K
  class space    used 4564K, capacity 4683K, committed 4736K, reserved 1048576K
GC Heap History (10 events):
Event: 14.082 GC heap before
{Heap before GC invocations=6 (full 1):
 PSYoungGen      total 67072K, used 67049K [0x00000000d6f00000, 0x00000000db700000, 0x0000000100000000)
  eden space 61952K, 100% used [0x00000000d6f00000,0x00000000dab80000,0x00000000dab80000)
  from space 5120K, 99% used [0x00000000db200000,0x00000000db6fa498,0x00000000db700000)
  to   space 5120K, 0% used [0x00000000dad00000,0x00000000dad00000,0x00000000db200000)
 ParOldGen       total 79360K, used 15945K [0x0000000084c00000, 0x0000000089980000, 0x00000000d6f00000)
  object space 79360K, 20% used [0x0000000084c00000,0x0000000085b92588,0x0000000089980000)
 Metaspace       used 34259K, capacity 34632K, committed 35072K, reserved 1079296K
  class space    used 4212K, capacity 4331K, committed 4352K, reserved 1048576K
Event: 14.088 GC heap after
Heap after GC invocations=6 (full 1):
 PSYoungGen      total 68608K, used 5112K [0x00000000d6f00000, 0x00000000e1e00000, 0x0000000100000000)
  eden space 63488K, 0% used [0x00000000d6f00000,0x00000000d6f00000,0x00000000dad00000)
  from space 5120K, 99% used [0x00000000dad00000,0x00000000db1fe1c8,0x00000000db200000)
  to   space 29696K, 0% used [0x00000000e0100000,0x00000000e0100000,0x00000000e1e00000)
 ParOldGen       total 79360K, used 21016K [0x0000000084c00000, 0x0000000089980000, 0x00000000d6f00000)
  object space 79360K, 26% used [0x0000000084c00000,0x00000000860861b8,0x0000000089980000)
 Metaspace       used 34259K, capacity 34632K, committed 35072K, reserved 1079296K
  class space    used 4212K, capacity 4331K, committed 4352K, reserved 1048576K
}
Event: 18.810 GC heap before
{Heap before GC invocations=7 (full 1):
 PSYoungGen      total 68608K, used 10256K [0x00000000d6f00000, 0x00000000e1e00000, 0x0000000100000000)
  eden space 63488K, 8% used [0x00000000d6f00000,0x00000000d7406180,0x00000000dad00000)
  from space 5120K, 99% used [0x00000000dad00000,0x00000000db1fe1c8,0x00000000db200000)
  to   space 29696K, 0% used [0x00000000e0100000,0x00000000e0100000,0x00000000e1e00000)
 ParOldGen       total 79360K, used 21016K [0x0000000084c00000, 0x0000000089980000, 0x00000000d6f00000)
  object space 79360K, 26% used [0x0000000084c00000,0x00000000860861b8,0x0000000089980000)
 Metaspace       used 34705K, capacity 35016K, committed 35416K, reserved 1081344K
  class space    used 4276K, capacity 4395K, committed 4480K, reserved 1048576K
Event: 18.814 GC heap after
Heap after GC invocations=7 (full 1):
 PSYoungGen      total 149504K, used 5567K [0x00000000d6f00000, 0x00000000e1c80000, 0x0000000100000000)
  eden space 121344K, 0% used [0x00000000d6f00000,0x00000000d6f00000,0x00000000de580000)
  from space 28160K, 19% used [0x00000000e0100000,0x00000000e066ff10,0x00000000e1c80000)
  to   space 28160K, 0% used [0x00000000de580000,0x00000000de580000,0x00000000e0100000)
 ParOldGen       total 79360K, used 21024K [0x0000000084c00000, 0x0000000089980000, 0x00000000d6f00000)
  object space 79360K, 26% used [0x0000000084c00000,0x00000000860881b8,0x0000000089980000)
 Metaspace       used 34705K, capacity 35016K, committed 35416K, reserved 1081344K
  class space    used 4276K, capacity 4395K, committed 4480K, reserved 1048576K
}
Event: 18.814 GC heap before
{Heap before GC invocations=8 (full 2):
 PSYoungGen      total 149504K, used 5567K [0x00000000d6f00000, 0x00000000e1c80000, 0x0000000100000000)
  eden space 121344K, 0% used [0x00000000d6f00000,0x00000000d6f00000,0x00000000de580000)
  from space 28160K, 19% used [0x00000000e0100000,0x00000000e066ff10,0x00000000e1c80000)
  to   space 28160K, 0% used [0x00000000de580000,0x00000000de580000,0x00000000e0100000)
 ParOldGen       total 79360K, used 21024K [0x0000000084c00000, 0x0000000089980000, 0x00000000d6f00000)
  object space 79360K, 26% used [0x0000000084c00000,0x00000000860881b8,0x0000000089980000)
 Metaspace       used 34705K, capacity 35016K, committed 35416K, reserved 1081344K
  class space    used 4276K, capacity 4395K, committed 4480K, reserved 1048576K
Event: 18.861 GC heap after
Heap after GC invocations=8 (full 2):
 PSYoungGen      total 149504K, used 0K [0x00000000d6f00000, 0x00000000e1c80000, 0x0000000100000000)
  eden space 121344K, 0% used [0x00000000d6f00000,0x00000000d6f00000,0x00000000de580000)
  from space 28160K, 0% used [0x00000000e0100000,0x00000000e0100000,0x00000000e1c80000)
  to   space 28160K, 0% used [0x00000000de580000,0x00000000de580000,0x00000000e0100000)
 ParOldGen       total 82432K, used 20482K [0x0000000084c00000, 0x0000000089c80000, 0x00000000d6f00000)
  object space 82432K, 24% used [0x0000000084c00000,0x0000000086000af0,0x0000000089c80000)
 Metaspace       used 34705K, capacity 35016K, committed 35416K, reserved 1081344K
  class space    used 4276K, capacity 4395K, committed 4480K, reserved 1048576K
}
Event: 31.215 GC heap before
{Heap before GC invocations=9 (full 2):
 PSYoungGen      total 149504K, used 31190K [0x00000000d6f00000, 0x00000000e1c80000, 0x0000000100000000)
  eden space 121344K, 25% used [0x00000000d6f00000,0x00000000d8d75a30,0x00000000de580000)
  from space 28160K, 0% used [0x00000000e0100000,0x00000000e0100000,0x00000000e1c80000)
  to   space 28160K, 0% used [0x00000000de580000,0x00000000de580000,0x00000000e0100000)
 ParOldGen       total 82432K, used 20482K [0x0000000084c00000, 0x0000000089c80000, 0x00000000d6f00000)
  object space 82432K, 24% used [0x0000000084c00000,0x0000000086000af0,0x0000000089c80000)
 Metaspace       used 36347K, capacity 36712K, committed 37208K, reserved 1081344K
  class space    used 4499K, capacity 4619K, committed 4736K, reserved 1048576K
Event: 31.218 GC heap after
Heap after GC invocations=9 (full 2):
 PSYoungGen      total 149504K, used 5849K [0x00000000d6f00000, 0x00000000e8180000, 0x0000000100000000)
  eden space 121344K, 0% used [0x00000000d6f00000,0x00000000d6f00000,0x00000000de580000)
  from space 28160K, 20% used [0x00000000de580000,0x00000000deb36630,0x00000000e0100000)
  to   space 27136K, 0% used [0x00000000e6700000,0x00000000e6700000,0x00000000e8180000)
 ParOldGen       total 82432K, used 20490K [0x0000000084c00000, 0x0000000089c80000, 0x00000000d6f00000)
  object space 82432K, 24% used [0x0000000084c00000,0x0000000086002af0,0x0000000089c80000)
 Metaspace       used 36347K, capacity 36712K, committed 37208K, reserved 1081344K
  class space    used 4499K, capacity 4619K, committed 4736K, reserved 1048576K
}
Event: 31.218 GC heap before
{Heap before GC invocations=10 (full 3):
 PSYoungGen      total 149504K, used 5849K [0x00000000d6f00000, 0x00000000e8180000, 0x0000000100000000)
  eden space 121344K, 0% used [0x00000000d6f00000,0x00000000d6f00000,0x00000000de580000)
  from space 28160K, 20% used [0x00000000de580000,0x00000000deb36630,0x00000000e0100000)
  to   space 27136K, 0% used [0x00000000e6700000,0x00000000e6700000,0x00000000e8180000)
 ParOldGen       total 82432K, used 20490K [0x0000000084c00000, 0x0000000089c80000, 0x00000000d6f00000)
  object space 82432K, 24% used [0x0000000084c00000,0x0000000086002af0,0x0000000089c80000)
 Metaspace       used 36347K, capacity 36712K, committed 37208K, reserved 1081344K
  class space    used 4499K, capacity 4619K, committed 4736K, reserved 1048576K
Event: 31.285 GC heap after
Heap after GC invocations=10 (full 3):
 PSYoungGen      total 149504K, used 0K [0x00000000d6f00000, 0x00000000e8180000, 0x0000000100000000)
  eden space 121344K, 0% used [0x00000000d6f00000,0x00000000d6f00000,0x00000000de580000)
  from space 28160K, 0% used [0x00000000de580000,0x00000000de580000,0x00000000e0100000)
  to   space 27136K, 0% used [0x00000000e6700000,0x00000000e6700000,0x00000000e8180000)
 ParOldGen       total 82432K, used 23679K [0x0000000084c00000, 0x0000000089c80000, 0x00000000d6f00000)
  object space 82432K, 28% used [0x0000000084c00000,0x000000008631fef8,0x0000000089c80000)
 Metaspace       used 36347K, capacity 36712K, committed 37208K, reserved 1081344K
  class space    used 4499K, capacity 4619K, committed 4736K, reserved 1048576K
}

