# JRE version: OpenJDK Runtime Environment (8.0_412-b08) (build 1.8.0_412-412-b08)
# Java VM: OpenJDK 64-Bit Server VM (25.412-b08 mixed mode windows-amd64 compressed oops)
Heap:
 PSYoungGen      total 149504K, used 18354K [0x00000000d6f00000, 0x00000000e8500000, 0x0000000100000000)
  eden space 121344K, 15% used [0x00000000d6f00000,0x00000000d80eca60,0x00000000de580000)
  from space 28160K, 0% used [0x00000000de580000,0x00000000de580000,0x00000000e0100000)
  to   space 26624K, 0% used [0x00000000e6b00000,0x00000000e6b00000,0x00000000e8500000)
 ParOldGen       total 83456K, used 23702K [0x0000000084c00000, 0x0000000089d80000, 0x00000000d6f00000)
  object space 83456K, 28% used [0x0000000084c00000,0x0000000086325a00,0x0000000089d80000)
 Metaspace       used 36850K, capacity 37188K, committed 37720K, reserved 1083392K
  class space    used 4564K, capacity 4651K, committed 4736K, reserved 1048576K
GC Heap History (10 events):
Event: 17.542 GC heap before
{Heap before GC invocations=6 (full 1):
 PSYoungGen      total 67072K, used 67047K [0x00000000d6f00000, 0x00000000db700000, 0x0000000100000000)
  eden space 61952K, 100% used [0x00000000d6f00000,0x00000000dab80000,0x00000000dab80000)
  from space 5120K, 99% used [0x00000000db200000,0x00000000db6f9eb0,0x00000000db700000)
  to   space 5120K, 0% used [0x00000000dad00000,0x00000000dad00000,0x00000000db200000)
 ParOldGen       total 78848K, used 15273K [0x0000000084c00000, 0x0000000089900000, 0x00000000d6f00000)
  object space 78848K, 19% used [0x0000000084c00000,0x0000000085aea548,0x0000000089900000)
 Metaspace       used 34280K, capacity 34628K, committed 35072K, reserved 1079296K
  class space    used 4214K, capacity 4331K, committed 4352K, reserved 1048576K
Event: 17.548 GC heap after
Heap after GC invocations=6 (full 1):
 PSYoungGen      total 68608K, used 5111K [0x00000000d6f00000, 0x00000000e1e00000, 0x0000000100000000)
  eden space 63488K, 0% used [0x00000000d6f00000,0x00000000d6f00000,0x00000000dad00000)
  from space 5120K, 99% used [0x00000000dad00000,0x00000000db1fdcc8,0x00000000db200000)
  to   space 29696K, 0% used [0x00000000e0100000,0x00000000e0100000,0x00000000e1e00000)
 ParOldGen       total 78848K, used 20337K [0x0000000084c00000, 0x0000000089900000, 0x00000000d6f00000)
  object space 78848K, 25% used [0x0000000084c00000,0x0000000085fdc758,0x0000000089900000)
 Metaspace       used 34280K, capacity 34628K, committed 35072K, reserved 1079296K
  class space    used 4214K, capacity 4331K, committed 4352K, reserved 1048576K
}
Event: 20.721 GC heap before
{Heap before GC invocations=7 (full 1):
 PSYoungGen      total 68608K, used 10260K [0x00000000d6f00000, 0x00000000e1e00000, 0x0000000100000000)
  eden space 63488K, 8% used [0x00000000d6f00000,0x00000000d74074f8,0x00000000dad00000)
  from space 5120K, 99% used [0x00000000dad00000,0x00000000db1fdcc8,0x00000000db200000)
  to   space 29696K, 0% used [0x00000000e0100000,0x00000000e0100000,0x00000000e1e00000)
 ParOldGen       total 78848K, used 20337K [0x0000000084c00000, 0x0000000089900000, 0x00000000d6f00000)
  object space 78848K, 25% used [0x0000000084c00000,0x0000000085fdc758,0x0000000089900000)
 Metaspace       used 34689K, capacity 34980K, committed 35416K, reserved 1081344K
  class space    used 4254K, capacity 4363K, committed 4480K, reserved 1048576K
Event: 20.726 GC heap after
Heap after GC invocations=7 (full 1):
 PSYoungGen      total 150016K, used 5529K [0x00000000d6f00000, 0x00000000e1d00000, 0x0000000100000000)
  eden space 121344K, 0% used [0x00000000d6f00000,0x00000000d6f00000,0x00000000de580000)
  from space 28672K, 19% used [0x00000000e0100000,0x00000000e0666410,0x00000000e1d00000)
  to   space 28160K, 0% used [0x00000000de580000,0x00000000de580000,0x00000000e0100000)
 ParOldGen       total 78848K, used 20345K [0x0000000084c00000, 0x0000000089900000, 0x00000000d6f00000)
  object space 78848K, 25% used [0x0000000084c00000,0x0000000085fde758,0x0000000089900000)
 Metaspace       used 34689K, capacity 34980K, committed 35416K, reserved 1081344K
  class space    used 4254K, capacity 4363K, committed 4480K, reserved 1048576K
}
Event: 20.726 GC heap before
{Heap before GC invocations=8 (full 2):
 PSYoungGen      total 150016K, used 5529K [0x00000000d6f00000, 0x00000000e1d00000, 0x0000000100000000)
  eden space 121344K, 0% used [0x00000000d6f00000,0x00000000d6f00000,0x00000000de580000)
  from space 28672K, 19% used [0x00000000e0100000,0x00000000e0666410,0x00000000e1d00000)
  to   space 28160K, 0% used [0x00000000de580000,0x00000000de580000,0x00000000e0100000)
 ParOldGen       total 78848K, used 20345K [0x0000000084c00000, 0x0000000089900000, 0x00000000d6f00000)
  object space 78848K, 25% used [0x0000000084c00000,0x0000000085fde758,0x0000000089900000)
 Metaspace       used 34689K, capacity 34980K, committed 35416K, reserved 1081344K
  class space    used 4254K, capacity 4363K, committed 4480K, reserved 1048576K
Event: 20.776 GC heap after
Heap after GC invocations=8 (full 2):
 PSYoungGen      total 150016K, used 0K [0x00000000d6f00000, 0x00000000e1d00000, 0x0000000100000000)
  eden space 121344K, 0% used [0x00000000d6f00000,0x00000000d6f00000,0x00000000de580000)
  from space 28672K, 0% used [0x00000000e0100000,0x00000000e0100000,0x00000000e1d00000)
  to   space 28160K, 0% used [0x00000000de580000,0x00000000de580000,0x00000000e0100000)
 ParOldGen       total 83456K, used 23179K [0x0000000084c00000, 0x0000000089d80000, 0x00000000d6f00000)
  object space 83456K, 27% used [0x0000000084c00000,0x00000000862a2d00,0x0000000089d80000)
 Metaspace       used 34689K, capacity 34980K, committed 35416K, reserved 1081344K
  class space    used 4254K, capacity 4363K, committed 4480K, reserved 1048576K
}
Event: 35.192 GC heap before
{Heap before GC invocations=9 (full 2):
 PSYoungGen      total 150016K, used 32449K [0x00000000d6f00000, 0x00000000e1d00000, 0x0000000100000000)
  eden space 121344K, 26% used [0x00000000d6f00000,0x00000000d8eb0688,0x00000000de580000)
  from space 28672K, 0% used [0x00000000e0100000,0x00000000e0100000,0x00000000e1d00000)
  to   space 28160K, 0% used [0x00000000de580000,0x00000000de580000,0x00000000e0100000)
 ParOldGen       total 83456K, used 23179K [0x0000000084c00000, 0x0000000089d80000, 0x00000000d6f00000)
  object space 83456K, 27% used [0x0000000084c00000,0x00000000862a2d00,0x0000000089d80000)
 Metaspace       used 36388K, capacity 36708K, committed 37208K, reserved 1081344K
  class space    used 4498K, capacity 4619K, committed 4736K, reserved 1048576K
Event: 35.196 GC heap after
Heap after GC invocations=9 (full 2):
 PSYoungGen      total 149504K, used 6998K [0x00000000d6f00000, 0x00000000e8500000, 0x0000000100000000)
  eden space 121344K, 0% used [0x00000000d6f00000,0x00000000d6f00000,0x00000000de580000)
  from space 28160K, 24% used [0x00000000de580000,0x00000000dec55838,0x00000000e0100000)
  to   space 26624K, 0% used [0x00000000e6b00000,0x00000000e6b00000,0x00000000e8500000)
 ParOldGen       total 83456K, used 23187K [0x0000000084c00000, 0x0000000089d80000, 0x00000000d6f00000)
  object space 83456K, 27% used [0x0000000084c00000,0x00000000862a4d00,0x0000000089d80000)
 Metaspace       used 36388K, capacity 36708K, committed 37208K, reserved 1081344K
  class space    used 4498K, capacity 4619K, committed 4736K, reserved 1048576K
}
Event: 35.197 GC heap before
{Heap before GC invocations=10 (full 3):
 PSYoungGen      total 149504K, used 6998K [0x00000000d6f00000, 0x00000000e8500000, 0x0000000100000000)
  eden space 121344K, 0% used [0x00000000d6f00000,0x00000000d6f00000,0x00000000de580000)
  from space 28160K, 24% used [0x00000000de580000,0x00000000dec55838,0x00000000e0100000)
  to   space 26624K, 0% used [0x00000000e6b00000,0x00000000e6b00000,0x00000000e8500000)
 ParOldGen       total 83456K, used 23187K [0x0000000084c00000, 0x0000000089d80000, 0x00000000d6f00000)
  object space 83456K, 27% used [0x0000000084c00000,0x00000000862a4d00,0x0000000089d80000)
 Metaspace       used 36388K, capacity 36708K, committed 37208K, reserved 1081344K
  class space    used 4498K, capacity 4619K, committed 4736K, reserved 1048576K
Event: 35.261 GC heap after
Heap after GC invocations=10 (full 3):
 PSYoungGen      total 149504K, used 0K [0x00000000d6f00000, 0x00000000e8500000, 0x0000000100000000)
  eden space 121344K, 0% used [0x00000000d6f00000,0x00000000d6f00000,0x00000000de580000)
  from space 28160K, 0% used [0x00000000de580000,0x00000000de580000,0x00000000e0100000)
  to   space 26624K, 0% used [0x00000000e6b00000,0x00000000e6b00000,0x00000000e8500000)
 ParOldGen       total 83456K, used 23702K [0x0000000084c00000, 0x0000000089d80000, 0x00000000d6f00000)
  object space 83456K, 28% used [0x0000000084c00000,0x0000000086325a00,0x0000000089d80000)
 Metaspace       used 36388K, capacity 36708K, committed 37208K, reserved 1081344K
  class space    used 4498K, capacity 4619K, committed 4736K, reserved 1048576K
}

