# JRE version: OpenJDK Runtime Environment (8.0_412-b08) (build 1.8.0_412-412-b08)
# Java VM: OpenJDK 64-Bit Server VM (25.412-b08 mixed mode windows-amd64 compressed oops)
Heap:
 PSYoungGen      total 148992K, used 19263K [0x00000000d6f00000, 0x00000000e1e00000, 0x0000000100000000)
  eden space 123904K, 15% used [0x00000000d6f00000,0x00000000d81cfec0,0x00000000de800000)
  from space 25088K, 0% used [0x00000000e0580000,0x00000000e0580000,0x00000000e1e00000)
  to   space 27648K, 0% used [0x00000000de800000,0x00000000de800000,0x00000000e0300000)
 ParOldGen       total 82432K, used 24651K [0x0000000084c00000, 0x0000000089c80000, 0x00000000d6f00000)
  object space 82432K, 29% used [0x0000000084c00000,0x0000000086412ce0,0x0000000089c80000)
 Metaspace       used 39811K, capacity 40196K, committed 40664K, reserved 1085440K
  class space    used 4948K, capacity 5049K, committed 5120K, reserved 1048576K
GC Heap History (10 events):
Event: 8.603 GC heap before
{Heap before GC invocations=5 (full 1):
 PSYoungGen      total 36864K, used 31744K [0x00000000d6f00000, 0x00000000db700000, 0x0000000100000000)
  eden space 31744K, 100% used [0x00000000d6f00000,0x00000000d8e00000,0x00000000d8e00000)
  from space 5120K, 0% used [0x00000000d8e00000,0x00000000d8e00000,0x00000000d9300000)
  to   space 5120K, 0% used [0x00000000db200000,0x00000000db200000,0x00000000db700000)
 ParOldGen       total 77824K, used 13703K [0x0000000084c00000, 0x0000000089800000, 0x00000000d6f00000)
  object space 77824K, 17% used [0x0000000084c00000,0x0000000085961cc8,0x0000000089800000)
 Metaspace       used 25657K, capacity 26000K, committed 26240K, reserved 1073152K
  class space    used 3048K, capacity 3161K, committed 3200K, reserved 1048576K
Event: 8.608 GC heap after
Heap after GC invocations=5 (full 1):
 PSYoungGen      total 68096K, used 5102K [0x00000000d6f00000, 0x00000000db700000, 0x0000000100000000)
  eden space 62976K, 0% used [0x00000000d6f00000,0x00000000d6f00000,0x00000000dac80000)
  from space 5120K, 99% used [0x00000000db200000,0x00000000db6fbaf8,0x00000000db700000)
  to   space 5120K, 0% used [0x00000000dad00000,0x00000000dad00000,0x00000000db200000)
 ParOldGen       total 77824K, used 15334K [0x0000000084c00000, 0x0000000089800000, 0x00000000d6f00000)
  object space 77824K, 19% used [0x0000000084c00000,0x0000000085af9ae0,0x0000000089800000)
 Metaspace       used 25657K, capacity 26000K, committed 26240K, reserved 1073152K
  class space    used 3048K, capacity 3161K, committed 3200K, reserved 1048576K
}
Event: 16.896 GC heap before
{Heap before GC invocations=6 (full 1):
 PSYoungGen      total 68096K, used 60830K [0x00000000d6f00000, 0x00000000db700000, 0x0000000100000000)
  eden space 62976K, 88% used [0x00000000d6f00000,0x00000000da56bd88,0x00000000dac80000)
  from space 5120K, 99% used [0x00000000db200000,0x00000000db6fbaf8,0x00000000db700000)
  to   space 5120K, 0% used [0x00000000dad00000,0x00000000dad00000,0x00000000db200000)
 ParOldGen       total 77824K, used 15334K [0x0000000084c00000, 0x0000000089800000, 0x00000000d6f00000)
  object space 77824K, 19% used [0x0000000084c00000,0x0000000085af9ae0,0x0000000089800000)
 Metaspace       used 34692K, capacity 35058K, committed 35416K, reserved 1081344K
  class space    used 4265K, capacity 4406K, committed 4480K, reserved 1048576K
Event: 16.903 GC heap after
Heap after GC invocations=6 (full 1):
 PSYoungGen      total 68608K, used 5095K [0x00000000d6f00000, 0x00000000e2280000, 0x0000000100000000)
  eden space 63488K, 0% used [0x00000000d6f00000,0x00000000d6f00000,0x00000000dad00000)
  from space 5120K, 99% used [0x00000000dad00000,0x00000000db1f9e38,0x00000000db200000)
  to   space 29696K, 0% used [0x00000000e0580000,0x00000000e0580000,0x00000000e2280000)
 ParOldGen       total 77824K, used 19674K [0x0000000084c00000, 0x0000000089800000, 0x00000000d6f00000)
  object space 77824K, 25% used [0x0000000084c00000,0x0000000085f36b18,0x0000000089800000)
 Metaspace       used 34692K, capacity 35058K, committed 35416K, reserved 1081344K
  class space    used 4265K, capacity 4406K, committed 4480K, reserved 1048576K
}
Event: 16.903 GC heap before
{Heap before GC invocations=7 (full 2):
 PSYoungGen      total 68608K, used 5095K [0x00000000d6f00000, 0x00000000e2280000, 0x0000000100000000)
  eden space 63488K, 0% used [0x00000000d6f00000,0x00000000d6f00000,0x00000000dad00000)
  from space 5120K, 99% used [0x00000000dad00000,0x00000000db1f9e38,0x00000000db200000)
  to   space 29696K, 0% used [0x00000000e0580000,0x00000000e0580000,0x00000000e2280000)
 ParOldGen       total 77824K, used 19674K [0x0000000084c00000, 0x0000000089800000, 0x00000000d6f00000)
  object space 77824K, 25% used [0x0000000084c00000,0x0000000085f36b18,0x0000000089800000)
 Metaspace       used 34692K, capacity 35058K, committed 35416K, reserved 1081344K
  class space    used 4265K, capacity 4406K, committed 4480K, reserved 1048576K
Event: 16.955 GC heap after
Heap after GC invocations=7 (full 2):
 PSYoungGen      total 68608K, used 0K [0x00000000d6f00000, 0x00000000e2280000, 0x0000000100000000)
  eden space 63488K, 0% used [0x00000000d6f00000,0x00000000d6f00000,0x00000000dad00000)
  from space 5120K, 0% used [0x00000000dad00000,0x00000000dad00000,0x00000000db200000)
  to   space 29696K, 0% used [0x00000000e0580000,0x00000000e0580000,0x00000000e2280000)
 ParOldGen       total 82432K, used 22754K [0x0000000084c00000, 0x0000000089c80000, 0x00000000d6f00000)
  object space 82432K, 27% used [0x0000000084c00000,0x0000000086238950,0x0000000089c80000)
 Metaspace       used 34692K, capacity 35058K, committed 35416K, reserved 1081344K
  class space    used 4265K, capacity 4406K, committed 4480K, reserved 1048576K
}
Event: 39.050 GC heap before
{Heap before GC invocations=8 (full 2):
 PSYoungGen      total 68608K, used 41226K [0x00000000d6f00000, 0x00000000e2280000, 0x0000000100000000)
  eden space 63488K, 64% used [0x00000000d6f00000,0x00000000d9742a08,0x00000000dad00000)
  from space 5120K, 0% used [0x00000000dad00000,0x00000000dad00000,0x00000000db200000)
  to   space 29696K, 0% used [0x00000000e0580000,0x00000000e0580000,0x00000000e2280000)
 ParOldGen       total 82432K, used 22754K [0x0000000084c00000, 0x0000000089c80000, 0x00000000d6f00000)
  object space 82432K, 27% used [0x0000000084c00000,0x0000000086238950,0x0000000089c80000)
 Metaspace       used 39324K, capacity 39652K, committed 40152K, reserved 1085440K
  class space    used 4882K, capacity 5017K, committed 5120K, reserved 1048576K
Event: 39.054 GC heap after
Heap after GC invocations=8 (full 2):
 PSYoungGen      total 148992K, used 9190K [0x00000000d6f00000, 0x00000000e1e00000, 0x0000000100000000)
  eden space 123904K, 0% used [0x00000000d6f00000,0x00000000d6f00000,0x00000000de800000)
  from space 25088K, 36% used [0x00000000e0580000,0x00000000e0e79910,0x00000000e1e00000)
  to   space 27648K, 0% used [0x00000000de800000,0x00000000de800000,0x00000000e0300000)
 ParOldGen       total 82432K, used 22762K [0x0000000084c00000, 0x0000000089c80000, 0x00000000d6f00000)
  object space 82432K, 27% used [0x0000000084c00000,0x000000008623a950,0x0000000089c80000)
 Metaspace       used 39324K, capacity 39652K, committed 40152K, reserved 1085440K
  class space    used 4882K, capacity 5017K, committed 5120K, reserved 1048576K
}
Event: 39.054 GC heap before
{Heap before GC invocations=9 (full 3):
 PSYoungGen      total 148992K, used 9190K [0x00000000d6f00000, 0x00000000e1e00000, 0x0000000100000000)
  eden space 123904K, 0% used [0x00000000d6f00000,0x00000000d6f00000,0x00000000de800000)
  from space 25088K, 36% used [0x00000000e0580000,0x00000000e0e79910,0x00000000e1e00000)
  to   space 27648K, 0% used [0x00000000de800000,0x00000000de800000,0x00000000e0300000)
 ParOldGen       total 82432K, used 22762K [0x0000000084c00000, 0x0000000089c80000, 0x00000000d6f00000)
  object space 82432K, 27% used [0x0000000084c00000,0x000000008623a950,0x0000000089c80000)
 Metaspace       used 39324K, capacity 39652K, committed 40152K, reserved 1085440K
  class space    used 4882K, capacity 5017K, committed 5120K, reserved 1048576K
Event: 39.112 GC heap after
Heap after GC invocations=9 (full 3):
 PSYoungGen      total 148992K, used 0K [0x00000000d6f00000, 0x00000000e1e00000, 0x0000000100000000)
  eden space 123904K, 0% used [0x00000000d6f00000,0x00000000d6f00000,0x00000000de800000)
  from space 25088K, 0% used [0x00000000e0580000,0x00000000e0580000,0x00000000e1e00000)
  to   space 27648K, 0% used [0x00000000de800000,0x00000000de800000,0x00000000e0300000)
 ParOldGen       total 82432K, used 24651K [0x0000000084c00000, 0x0000000089c80000, 0x00000000d6f00000)
  object space 82432K, 29% used [0x0000000084c00000,0x0000000086412ce0,0x0000000089c80000)
 Metaspace       used 39324K, capacity 39652K, committed 40152K, reserved 1085440K
  class space    used 4882K, capacity 5017K, committed 5120K, reserved 1048576K
}

