# JRE version: OpenJDK Runtime Environment (8.0_412-b08) (build 1.8.0_412-412-b08)
# Java VM: OpenJDK 64-Bit Server VM (25.412-b08 mixed mode windows-amd64 compressed oops)
Heap:
 PSYoungGen      total 154624K, used 14100K [0x00000000d6f00000, 0x00000000e9680000, 0x0000000100000000)
  eden space 126464K, 11% used [0x00000000d6f00000,0x00000000d7cc52e8,0x00000000dea80000)
  from space 28160K, 0% used [0x00000000dea80000,0x00000000dea80000,0x00000000e0600000)
  to   space 26112K, 0% used [0x00000000e7d00000,0x00000000e7d00000,0x00000000e9680000)
 ParOldGen       total 77312K, used 23801K [0x0000000084c00000, 0x0000000089780000, 0x00000000d6f00000)
  object space 77312K, 30% used [0x0000000084c00000,0x000000008633e668,0x0000000089780000)
 Metaspace       used 36806K, capacity 37192K, committed 37720K, reserved 1083392K
  class space    used 4565K, capacity 4651K, committed 4736K, reserved 1048576K
GC Heap History (10 events):
Event: 19.994 GC heap before
{Heap before GC invocations=6 (full 1):
 PSYoungGen      total 68608K, used 68588K [0x00000000d6f00000, 0x00000000db700000, 0x0000000100000000)
  eden space 63488K, 100% used [0x00000000d6f00000,0x00000000dad00000,0x00000000dad00000)
  from space 5120K, 99% used [0x00000000db200000,0x00000000db6fb170,0x00000000db700000)
  to   space 5120K, 0% used [0x00000000dad00000,0x00000000dad00000,0x00000000db200000)
 ParOldGen       total 79360K, used 17634K [0x0000000084c00000, 0x0000000089980000, 0x00000000d6f00000)
  object space 79360K, 22% used [0x0000000084c00000,0x0000000085d38ab0,0x0000000089980000)
 Metaspace       used 34302K, capacity 34632K, committed 35072K, reserved 1079296K
  class space    used 4212K, capacity 4331K, committed 4352K, reserved 1048576K
Event: 19.999 GC heap after
Heap after GC invocations=6 (full 1):
 PSYoungGen      total 68608K, used 5113K [0x00000000d6f00000, 0x00000000e2380000, 0x0000000100000000)
  eden space 63488K, 0% used [0x00000000d6f00000,0x00000000d6f00000,0x00000000dad00000)
  from space 5120K, 99% used [0x00000000dad00000,0x00000000db1fe7f8,0x00000000db200000)
  to   space 29184K, 0% used [0x00000000e0700000,0x00000000e0700000,0x00000000e2380000)
 ParOldGen       total 79360K, used 22750K [0x0000000084c00000, 0x0000000089980000, 0x00000000d6f00000)
  object space 79360K, 28% used [0x0000000084c00000,0x0000000086237b48,0x0000000089980000)
 Metaspace       used 34302K, capacity 34632K, committed 35072K, reserved 1079296K
  class space    used 4212K, capacity 4331K, committed 4352K, reserved 1048576K
}
Event: 24.986 GC heap before
{Heap before GC invocations=7 (full 1):
 PSYoungGen      total 68608K, used 10250K [0x00000000d6f00000, 0x00000000e2380000, 0x0000000100000000)
  eden space 63488K, 8% used [0x00000000d6f00000,0x00000000d7404020,0x00000000dad00000)
  from space 5120K, 99% used [0x00000000dad00000,0x00000000db1fe7f8,0x00000000db200000)
  to   space 29184K, 0% used [0x00000000e0700000,0x00000000e0700000,0x00000000e2380000)
 ParOldGen       total 79360K, used 22750K [0x0000000084c00000, 0x0000000089980000, 0x00000000d6f00000)
  object space 79360K, 28% used [0x0000000084c00000,0x0000000086237b48,0x0000000089980000)
 Metaspace       used 34644K, capacity 34984K, committed 35416K, reserved 1081344K
  class space    used 4247K, capacity 4363K, committed 4480K, reserved 1048576K
Event: 24.990 GC heap after
Heap after GC invocations=7 (full 1):
 PSYoungGen      total 153600K, used 5792K [0x00000000d6f00000, 0x00000000e2180000, 0x0000000100000000)
  eden space 126464K, 0% used [0x00000000d6f00000,0x00000000d6f00000,0x00000000dea80000)
  from space 27136K, 21% used [0x00000000e0700000,0x00000000e0ca8380,0x00000000e2180000)
  to   space 28160K, 0% used [0x00000000dea80000,0x00000000dea80000,0x00000000e0600000)
 ParOldGen       total 79360K, used 22758K [0x0000000084c00000, 0x0000000089980000, 0x00000000d6f00000)
  object space 79360K, 28% used [0x0000000084c00000,0x0000000086239b48,0x0000000089980000)
 Metaspace       used 34644K, capacity 34984K, committed 35416K, reserved 1081344K
  class space    used 4247K, capacity 4363K, committed 4480K, reserved 1048576K
}
Event: 24.990 GC heap before
{Heap before GC invocations=8 (full 2):
 PSYoungGen      total 153600K, used 5792K [0x00000000d6f00000, 0x00000000e2180000, 0x0000000100000000)
  eden space 126464K, 0% used [0x00000000d6f00000,0x00000000d6f00000,0x00000000dea80000)
  from space 27136K, 21% used [0x00000000e0700000,0x00000000e0ca8380,0x00000000e2180000)
  to   space 28160K, 0% used [0x00000000dea80000,0x00000000dea80000,0x00000000e0600000)
 ParOldGen       total 79360K, used 22758K [0x0000000084c00000, 0x0000000089980000, 0x00000000d6f00000)
  object space 79360K, 28% used [0x0000000084c00000,0x0000000086239b48,0x0000000089980000)
 Metaspace       used 34644K, capacity 34984K, committed 35416K, reserved 1081344K
  class space    used 4247K, capacity 4363K, committed 4480K, reserved 1048576K
Event: 25.021 GC heap after
Heap after GC invocations=8 (full 2):
 PSYoungGen      total 153600K, used 0K [0x00000000d6f00000, 0x00000000e2180000, 0x0000000100000000)
  eden space 126464K, 0% used [0x00000000d6f00000,0x00000000d6f00000,0x00000000dea80000)
  from space 27136K, 0% used [0x00000000e0700000,0x00000000e0700000,0x00000000e2180000)
  to   space 28160K, 0% used [0x00000000dea80000,0x00000000dea80000,0x00000000e0600000)
 ParOldGen       total 77312K, used 20552K [0x0000000084c00000, 0x0000000089780000, 0x00000000d6f00000)
  object space 77312K, 26% used [0x0000000084c00000,0x0000000086012128,0x0000000089780000)
 Metaspace       used 34644K, capacity 34984K, committed 35416K, reserved 1081344K
  class space    used 4247K, capacity 4363K, committed 4480K, reserved 1048576K
}
Event: 37.962 GC heap before
{Heap before GC invocations=9 (full 2):
 PSYoungGen      total 153600K, used 30986K [0x00000000d6f00000, 0x00000000e2180000, 0x0000000100000000)
  eden space 126464K, 24% used [0x00000000d6f00000,0x00000000d8d42b90,0x00000000dea80000)
  from space 27136K, 0% used [0x00000000e0700000,0x00000000e0700000,0x00000000e2180000)
  to   space 28160K, 0% used [0x00000000dea80000,0x00000000dea80000,0x00000000e0600000)
 ParOldGen       total 77312K, used 20552K [0x0000000084c00000, 0x0000000089780000, 0x00000000d6f00000)
  object space 77312K, 26% used [0x0000000084c00000,0x0000000086012128,0x0000000089780000)
 Metaspace       used 36390K, capacity 36712K, committed 37208K, reserved 1081344K
  class space    used 4499K, capacity 4619K, committed 4736K, reserved 1048576K
Event: 37.965 GC heap after
Heap after GC invocations=9 (full 2):
 PSYoungGen      total 154624K, used 7489K [0x00000000d6f00000, 0x00000000e9680000, 0x0000000100000000)
  eden space 126464K, 0% used [0x00000000d6f00000,0x00000000d6f00000,0x00000000dea80000)
  from space 28160K, 26% used [0x00000000dea80000,0x00000000df1d0758,0x00000000e0600000)
  to   space 26112K, 0% used [0x00000000e7d00000,0x00000000e7d00000,0x00000000e9680000)
 ParOldGen       total 77312K, used 20560K [0x0000000084c00000, 0x0000000089780000, 0x00000000d6f00000)
  object space 77312K, 26% used [0x0000000084c00000,0x0000000086014128,0x0000000089780000)
 Metaspace       used 36390K, capacity 36712K, committed 37208K, reserved 1081344K
  class space    used 4499K, capacity 4619K, committed 4736K, reserved 1048576K
}
Event: 37.965 GC heap before
{Heap before GC invocations=10 (full 3):
 PSYoungGen      total 154624K, used 7489K [0x00000000d6f00000, 0x00000000e9680000, 0x0000000100000000)
  eden space 126464K, 0% used [0x00000000d6f00000,0x00000000d6f00000,0x00000000dea80000)
  from space 28160K, 26% used [0x00000000dea80000,0x00000000df1d0758,0x00000000e0600000)
  to   space 26112K, 0% used [0x00000000e7d00000,0x00000000e7d00000,0x00000000e9680000)
 ParOldGen       total 77312K, used 20560K [0x0000000084c00000, 0x0000000089780000, 0x00000000d6f00000)
  object space 77312K, 26% used [0x0000000084c00000,0x0000000086014128,0x0000000089780000)
 Metaspace       used 36390K, capacity 36712K, committed 37208K, reserved 1081344K
  class space    used 4499K, capacity 4619K, committed 4736K, reserved 1048576K
Event: 38.038 GC heap after
Heap after GC invocations=10 (full 3):
 PSYoungGen      total 154624K, used 0K [0x00000000d6f00000, 0x00000000e9680000, 0x0000000100000000)
  eden space 126464K, 0% used [0x00000000d6f00000,0x00000000d6f00000,0x00000000dea80000)
  from space 28160K, 0% used [0x00000000dea80000,0x00000000dea80000,0x00000000e0600000)
  to   space 26112K, 0% used [0x00000000e7d00000,0x00000000e7d00000,0x00000000e9680000)
 ParOldGen       total 77312K, used 23801K [0x0000000084c00000, 0x0000000089780000, 0x00000000d6f00000)
  object space 77312K, 30% used [0x0000000084c00000,0x000000008633e668,0x0000000089780000)
 Metaspace       used 36390K, capacity 36712K, committed 37208K, reserved 1081344K
  class space    used 4499K, capacity 4619K, committed 4736K, reserved 1048576K
}

