# JRE version: Java(TM) SE Runtime Environment (8.0_431) (build 1.8.0_431-b10)
# Java VM: Java HotSpot(TM) 64-Bit Server VM (25.431-b10 mixed mode windows-amd64 compressed oops)
Heap:
 PSYoungGen      total 136704K, used 16767K [0x00000000d6f00000, 0x00000000e1400000, 0x0000000100000000)
  eden space 113664K, 14% used [0x00000000d6f00000,0x00000000d7f5fcf0,0x00000000dde00000)
  from space 23040K, 0% used [0x00000000dfd80000,0x00000000dfd80000,0x00000000e1400000)
  to   space 27648K, 0% used [0x00000000dde00000,0x00000000dde00000,0x00000000df900000)
 ParOldGen       total 84992K, used 23755K [0x0000000084c00000, 0x0000000089f00000, 0x00000000d6f00000)
  object space 84992K, 27% used [0x0000000084c00000,0x0000000086332fd0,0x0000000089f00000)
 Metaspace       used 36985K, capacity 37346K, committed 37800K, reserved 1083392K
  class space    used 4674K, capacity 4784K, committed 4784K, reserved 1048576K
GC Heap History (10 events):
Event: 9.829 GC heap before
{Heap before GC invocations=5 (full 1):
 PSYoungGen      total 36864K, used 36852K [0x00000000d6f00000, 0x00000000db500000, 0x0000000100000000)
  eden space 31744K, 100% used [0x00000000d6f00000,0x00000000d8e00000,0x00000000d8e00000)
  from space 5120K, 99% used [0x00000000d8e00000,0x00000000d92fd1f8,0x00000000d9300000)
  to   space 5120K, 0% used [0x00000000db000000,0x00000000db000000,0x00000000db500000)
 ParOldGen       total 79872K, used 17072K [0x0000000084c00000, 0x0000000089a00000, 0x00000000d6f00000)
  object space 79872K, 21% used [0x0000000084c00000,0x0000000085cac2e8,0x0000000089a00000)
 Metaspace       used 31605K, capacity 31944K, committed 32176K, reserved 1077248K
  class space    used 3905K, capacity 4011K, committed 4016K, reserved 1048576K
Event: 9.833 GC heap after
Heap after GC invocations=5 (full 1):
 PSYoungGen      total 66560K, used 5089K [0x00000000d6f00000, 0x00000000db500000, 0x0000000100000000)
  eden space 61440K, 0% used [0x00000000d6f00000,0x00000000d6f00000,0x00000000dab00000)
  from space 5120K, 99% used [0x00000000db000000,0x00000000db4f8520,0x00000000db500000)
  to   space 5120K, 0% used [0x00000000dab00000,0x00000000dab00000,0x00000000db000000)
 ParOldGen       total 79872K, used 20235K [0x0000000084c00000, 0x0000000089a00000, 0x00000000d6f00000)
  object space 79872K, 25% used [0x0000000084c00000,0x0000000085fc2f78,0x0000000089a00000)
 Metaspace       used 31605K, capacity 31944K, committed 32176K, reserved 1077248K
  class space    used 3905K, capacity 4011K, committed 4016K, reserved 1048576K
}
Event: 19.585 GC heap before
{Heap before GC invocations=6 (full 1):
 PSYoungGen      total 66560K, used 22326K [0x00000000d6f00000, 0x00000000db500000, 0x0000000100000000)
  eden space 61440K, 28% used [0x00000000d6f00000,0x00000000d7fd5698,0x00000000dab00000)
  from space 5120K, 99% used [0x00000000db000000,0x00000000db4f8520,0x00000000db500000)
  to   space 5120K, 0% used [0x00000000dab00000,0x00000000dab00000,0x00000000db000000)
 ParOldGen       total 79872K, used 20235K [0x0000000084c00000, 0x0000000089a00000, 0x00000000d6f00000)
  object space 79872K, 25% used [0x0000000084c00000,0x0000000085fc2f78,0x0000000089a00000)
 Metaspace       used 34760K, capacity 35138K, committed 35496K, reserved 1081344K
  class space    used 4353K, capacity 4496K, committed 4528K, reserved 1048576K
Event: 19.590 GC heap after
Heap after GC invocations=6 (full 1):
 PSYoungGen      total 66560K, used 5096K [0x00000000d6f00000, 0x00000000e1a00000, 0x0000000100000000)
  eden space 61440K, 0% used [0x00000000d6f00000,0x00000000d6f00000,0x00000000dab00000)
  from space 5120K, 99% used [0x00000000dab00000,0x00000000daffa198,0x00000000db000000)
  to   space 29184K, 0% used [0x00000000dfd80000,0x00000000dfd80000,0x00000000e1a00000)
 ParOldGen       total 79872K, used 23813K [0x0000000084c00000, 0x0000000089a00000, 0x00000000d6f00000)
  object space 79872K, 29% used [0x0000000084c00000,0x0000000086341598,0x0000000089a00000)
 Metaspace       used 34760K, capacity 35138K, committed 35496K, reserved 1081344K
  class space    used 4353K, capacity 4496K, committed 4528K, reserved 1048576K
}
Event: 19.590 GC heap before
{Heap before GC invocations=7 (full 2):
 PSYoungGen      total 66560K, used 5096K [0x00000000d6f00000, 0x00000000e1a00000, 0x0000000100000000)
  eden space 61440K, 0% used [0x00000000d6f00000,0x00000000d6f00000,0x00000000dab00000)
  from space 5120K, 99% used [0x00000000dab00000,0x00000000daffa198,0x00000000db000000)
  to   space 29184K, 0% used [0x00000000dfd80000,0x00000000dfd80000,0x00000000e1a00000)
 ParOldGen       total 79872K, used 23813K [0x0000000084c00000, 0x0000000089a00000, 0x00000000d6f00000)
  object space 79872K, 29% used [0x0000000084c00000,0x0000000086341598,0x0000000089a00000)
 Metaspace       used 34760K, capacity 35138K, committed 35496K, reserved 1081344K
  class space    used 4353K, capacity 4496K, committed 4528K, reserved 1048576K
Event: 19.630 GC heap after
Heap after GC invocations=7 (full 2):
 PSYoungGen      total 66560K, used 0K [0x00000000d6f00000, 0x00000000e1a00000, 0x0000000100000000)
  eden space 61440K, 0% used [0x00000000d6f00000,0x00000000d6f00000,0x00000000dab00000)
  from space 5120K, 0% used [0x00000000dab00000,0x00000000dab00000,0x00000000db000000)
  to   space 29184K, 0% used [0x00000000dfd80000,0x00000000dfd80000,0x00000000e1a00000)
 ParOldGen       total 84992K, used 21389K [0x0000000084c00000, 0x0000000089f00000, 0x00000000d6f00000)
  object space 84992K, 25% used [0x0000000084c00000,0x00000000860e37a0,0x0000000089f00000)
 Metaspace       used 34760K, capacity 35138K, committed 35496K, reserved 1081344K
  class space    used 4353K, capacity 4496K, committed 4528K, reserved 1048576K
}
Event: 34.428 GC heap before
{Heap before GC invocations=8 (full 2):
 PSYoungGen      total 66560K, used 17139K [0x00000000d6f00000, 0x00000000e1a00000, 0x0000000100000000)
  eden space 61440K, 27% used [0x00000000d6f00000,0x00000000d7fbcc98,0x00000000dab00000)
  from space 5120K, 0% used [0x00000000dab00000,0x00000000dab00000,0x00000000db000000)
  to   space 29184K, 0% used [0x00000000dfd80000,0x00000000dfd80000,0x00000000e1a00000)
 ParOldGen       total 84992K, used 21389K [0x0000000084c00000, 0x0000000089f00000, 0x00000000d6f00000)
  object space 84992K, 25% used [0x0000000084c00000,0x00000000860e37a0,0x0000000089f00000)
 Metaspace       used 36557K, capacity 36994K, committed 37544K, reserved 1081344K
  class space    used 4605K, capacity 4752K, committed 4784K, reserved 1048576K
Event: 34.430 GC heap after
Heap after GC invocations=8 (full 2):
 PSYoungGen      total 136704K, used 7830K [0x00000000d6f00000, 0x00000000e1400000, 0x0000000100000000)
  eden space 113664K, 0% used [0x00000000d6f00000,0x00000000d6f00000,0x00000000dde00000)
  from space 23040K, 33% used [0x00000000dfd80000,0x00000000e0525b60,0x00000000e1400000)
  to   space 27648K, 0% used [0x00000000dde00000,0x00000000dde00000,0x00000000df900000)
 ParOldGen       total 84992K, used 21397K [0x0000000084c00000, 0x0000000089f00000, 0x00000000d6f00000)
  object space 84992K, 25% used [0x0000000084c00000,0x00000000860e57a0,0x0000000089f00000)
 Metaspace       used 36557K, capacity 36994K, committed 37544K, reserved 1081344K
  class space    used 4605K, capacity 4752K, committed 4784K, reserved 1048576K
}
Event: 34.431 GC heap before
{Heap before GC invocations=9 (full 3):
 PSYoungGen      total 136704K, used 7830K [0x00000000d6f00000, 0x00000000e1400000, 0x0000000100000000)
  eden space 113664K, 0% used [0x00000000d6f00000,0x00000000d6f00000,0x00000000dde00000)
  from space 23040K, 33% used [0x00000000dfd80000,0x00000000e0525b60,0x00000000e1400000)
  to   space 27648K, 0% used [0x00000000dde00000,0x00000000dde00000,0x00000000df900000)
 ParOldGen       total 84992K, used 21397K [0x0000000084c00000, 0x0000000089f00000, 0x00000000d6f00000)
  object space 84992K, 25% used [0x0000000084c00000,0x00000000860e57a0,0x0000000089f00000)
 Metaspace       used 36557K, capacity 36994K, committed 37544K, reserved 1081344K
  class space    used 4605K, capacity 4752K, committed 4784K, reserved 1048576K
Event: 34.491 GC heap after
Heap after GC invocations=9 (full 3):
 PSYoungGen      total 136704K, used 0K [0x00000000d6f00000, 0x00000000e1400000, 0x0000000100000000)
  eden space 113664K, 0% used [0x00000000d6f00000,0x00000000d6f00000,0x00000000dde00000)
  from space 23040K, 0% used [0x00000000dfd80000,0x00000000dfd80000,0x00000000e1400000)
  to   space 27648K, 0% used [0x00000000dde00000,0x00000000dde00000,0x00000000df900000)
 ParOldGen       total 84992K, used 23755K [0x0000000084c00000, 0x0000000089f00000, 0x00000000d6f00000)
  object space 84992K, 27% used [0x0000000084c00000,0x0000000086332fd0,0x0000000089f00000)
 Metaspace       used 36557K, capacity 36994K, committed 37544K, reserved 1081344K
  class space    used 4605K, capacity 4752K, committed 4784K, reserved 1048576K
}

