# JRE version: OpenJDK Runtime Environment (8.0_412-b08) (build 1.8.0_412-412-b08)
# Java VM: OpenJDK 64-Bit Server VM (25.412-b08 mixed mode windows-amd64 compressed oops)
Heap:
 PSYoungGen      total 35840K, used 10319K [0x00000000d6f00000, 0x00000000dc280000, 0x0000000100000000)
  eden space 30208K, 34% used [0x00000000d6f00000,0x00000000d7913c08,0x00000000d8c80000)
  from space 5632K, 0% used [0x00000000d8d00000,0x00000000d8d00000,0x00000000d9280000)
  to   space 27648K, 0% used [0x00000000da780000,0x00000000da780000,0x00000000dc280000)
 ParOldGen       total 75776K, used 23735K [0x0000000084c00000, 0x0000000089600000, 0x00000000d6f00000)
  object space 75776K, 31% used [0x0000000084c00000,0x000000008632dfc8,0x0000000089600000)
 Metaspace       used 36827K, capacity 37156K, committed 37720K, reserved 1083392K
  class space    used 4565K, capacity 4683K, committed 4736K, reserved 1048576K
GC Heap History (10 events):
Event: 23.333 GC heap before
{Heap before GC invocations=6 (full 1):
 PSYoungGen      total 36864K, used 36835K [0x00000000d6f00000, 0x00000000d9800000, 0x0000000100000000)
  eden space 31744K, 100% used [0x00000000d6f00000,0x00000000d8e00000,0x00000000d8e00000)
  from space 5120K, 99% used [0x00000000d9300000,0x00000000d97f8f20,0x00000000d9800000)
  to   space 5120K, 0% used [0x00000000d8e00000,0x00000000d8e00000,0x00000000d9300000)
 ParOldGen       total 81920K, used 19988K [0x0000000084c00000, 0x0000000089c00000, 0x00000000d6f00000)
  object space 81920K, 24% used [0x0000000084c00000,0x0000000085f85118,0x0000000089c00000)
 Metaspace       used 34413K, capacity 34788K, committed 35200K, reserved 1079296K
  class space    used 4219K, capacity 4363K, committed 4480K, reserved 1048576K
Event: 23.337 GC heap after
Heap after GC invocations=6 (full 1):
 PSYoungGen      total 36352K, used 5095K [0x00000000d6f00000, 0x00000000dc980000, 0x0000000100000000)
  eden space 31232K, 0% used [0x00000000d6f00000,0x00000000d6f00000,0x00000000d8d80000)
  from space 5120K, 99% used [0x00000000d8e00000,0x00000000d92f9cc8,0x00000000d9300000)
  to   space 30720K, 0% used [0x00000000dab80000,0x00000000dab80000,0x00000000dc980000)
 ParOldGen       total 81920K, used 22045K [0x0000000084c00000, 0x0000000089c00000, 0x00000000d6f00000)
  object space 81920K, 26% used [0x0000000084c00000,0x0000000086187670,0x0000000089c00000)
 Metaspace       used 34413K, capacity 34788K, committed 35200K, reserved 1079296K
  class space    used 4219K, capacity 4363K, committed 4480K, reserved 1048576K
}
Event: 27.733 GC heap before
{Heap before GC invocations=7 (full 1):
 PSYoungGen      total 36352K, used 9709K [0x00000000d6f00000, 0x00000000dc980000, 0x0000000100000000)
  eden space 31232K, 14% used [0x00000000d6f00000,0x00000000d7381a98,0x00000000d8d80000)
  from space 5120K, 99% used [0x00000000d8e00000,0x00000000d92f9cc8,0x00000000d9300000)
  to   space 30720K, 0% used [0x00000000dab80000,0x00000000dab80000,0x00000000dc980000)
 ParOldGen       total 81920K, used 22045K [0x0000000084c00000, 0x0000000089c00000, 0x00000000d6f00000)
  object space 81920K, 26% used [0x0000000084c00000,0x0000000086187670,0x0000000089c00000)
 Metaspace       used 34683K, capacity 34980K, committed 35416K, reserved 1081344K
  class space    used 4258K, capacity 4363K, committed 4480K, reserved 1048576K
Event: 27.735 GC heap after
Heap after GC invocations=7 (full 1):
 PSYoungGen      total 57856K, used 5503K [0x00000000d6f00000, 0x00000000dc600000, 0x0000000100000000)
  eden space 30720K, 0% used [0x00000000d6f00000,0x00000000d6f00000,0x00000000d8d00000)
  from space 27136K, 20% used [0x00000000dab80000,0x00000000db0dfda8,0x00000000dc600000)
  to   space 29184K, 0% used [0x00000000d8d00000,0x00000000d8d00000,0x00000000da980000)
 ParOldGen       total 81920K, used 22053K [0x0000000084c00000, 0x0000000089c00000, 0x00000000d6f00000)
  object space 81920K, 26% used [0x0000000084c00000,0x0000000086189670,0x0000000089c00000)
 Metaspace       used 34683K, capacity 34980K, committed 35416K, reserved 1081344K
  class space    used 4258K, capacity 4363K, committed 4480K, reserved 1048576K
}
Event: 27.735 GC heap before
{Heap before GC invocations=8 (full 2):
 PSYoungGen      total 57856K, used 5503K [0x00000000d6f00000, 0x00000000dc600000, 0x0000000100000000)
  eden space 30720K, 0% used [0x00000000d6f00000,0x00000000d6f00000,0x00000000d8d00000)
  from space 27136K, 20% used [0x00000000dab80000,0x00000000db0dfda8,0x00000000dc600000)
  to   space 29184K, 0% used [0x00000000d8d00000,0x00000000d8d00000,0x00000000da980000)
 ParOldGen       total 81920K, used 22053K [0x0000000084c00000, 0x0000000089c00000, 0x00000000d6f00000)
  object space 81920K, 26% used [0x0000000084c00000,0x0000000086189670,0x0000000089c00000)
 Metaspace       used 34683K, capacity 34980K, committed 35416K, reserved 1081344K
  class space    used 4258K, capacity 4363K, committed 4480K, reserved 1048576K
Event: 27.768 GC heap after
Heap after GC invocations=8 (full 2):
 PSYoungGen      total 57856K, used 0K [0x00000000d6f00000, 0x00000000dc600000, 0x0000000100000000)
  eden space 30720K, 0% used [0x00000000d6f00000,0x00000000d6f00000,0x00000000d8d00000)
  from space 27136K, 0% used [0x00000000dab80000,0x00000000dab80000,0x00000000dc600000)
  to   space 29184K, 0% used [0x00000000d8d00000,0x00000000d8d00000,0x00000000da980000)
 ParOldGen       total 75776K, used 20448K [0x0000000084c00000, 0x0000000089600000, 0x00000000d6f00000)
  object space 75776K, 26% used [0x0000000084c00000,0x0000000085ff80a0,0x0000000089600000)
 Metaspace       used 34683K, capacity 34980K, committed 35416K, reserved 1081344K
  class space    used 4258K, capacity 4363K, committed 4480K, reserved 1048576K
}
Event: 44.852 GC heap before
{Heap before GC invocations=9 (full 2):
 PSYoungGen      total 57856K, used 29436K [0x00000000d6f00000, 0x00000000dc600000, 0x0000000100000000)
  eden space 30720K, 95% used [0x00000000d6f00000,0x00000000d8bbf208,0x00000000d8d00000)
  from space 27136K, 0% used [0x00000000dab80000,0x00000000dab80000,0x00000000dc600000)
  to   space 29184K, 0% used [0x00000000d8d00000,0x00000000d8d00000,0x00000000da980000)
 ParOldGen       total 75776K, used 20448K [0x0000000084c00000, 0x0000000089600000, 0x00000000d6f00000)
  object space 75776K, 26% used [0x0000000084c00000,0x0000000085ff80a0,0x0000000089600000)
 Metaspace       used 36407K, capacity 36708K, committed 37208K, reserved 1081344K
  class space    used 4499K, capacity 4619K, committed 4736K, reserved 1048576K
Event: 44.856 GC heap after
Heap after GC invocations=9 (full 2):
 PSYoungGen      total 35840K, used 5513K [0x00000000d6f00000, 0x00000000dc280000, 0x0000000100000000)
  eden space 30208K, 0% used [0x00000000d6f00000,0x00000000d6f00000,0x00000000d8c80000)
  from space 5632K, 97% used [0x00000000d8d00000,0x00000000d9262628,0x00000000d9280000)
  to   space 27648K, 0% used [0x00000000da780000,0x00000000da780000,0x00000000dc280000)
 ParOldGen       total 75776K, used 20456K [0x0000000084c00000, 0x0000000089600000, 0x00000000d6f00000)
  object space 75776K, 26% used [0x0000000084c00000,0x0000000085ffa0a0,0x0000000089600000)
 Metaspace       used 36407K, capacity 36708K, committed 37208K, reserved 1081344K
  class space    used 4499K, capacity 4619K, committed 4736K, reserved 1048576K
}
Event: 44.856 GC heap before
{Heap before GC invocations=10 (full 3):
 PSYoungGen      total 35840K, used 5513K [0x00000000d6f00000, 0x00000000dc280000, 0x0000000100000000)
  eden space 30208K, 0% used [0x00000000d6f00000,0x00000000d6f00000,0x00000000d8c80000)
  from space 5632K, 97% used [0x00000000d8d00000,0x00000000d9262628,0x00000000d9280000)
  to   space 27648K, 0% used [0x00000000da780000,0x00000000da780000,0x00000000dc280000)
 ParOldGen       total 75776K, used 20456K [0x0000000084c00000, 0x0000000089600000, 0x00000000d6f00000)
  object space 75776K, 26% used [0x0000000084c00000,0x0000000085ffa0a0,0x0000000089600000)
 Metaspace       used 36407K, capacity 36708K, committed 37208K, reserved 1081344K
  class space    used 4499K, capacity 4619K, committed 4736K, reserved 1048576K
Event: 44.930 GC heap after
Heap after GC invocations=10 (full 3):
 PSYoungGen      total 35840K, used 0K [0x00000000d6f00000, 0x00000000dc280000, 0x0000000100000000)
  eden space 30208K, 0% used [0x00000000d6f00000,0x00000000d6f00000,0x00000000d8c80000)
  from space 5632K, 0% used [0x00000000d8d00000,0x00000000d8d00000,0x00000000d9280000)
  to   space 27648K, 0% used [0x00000000da780000,0x00000000da780000,0x00000000dc280000)
 ParOldGen       total 75776K, used 23735K [0x0000000084c00000, 0x0000000089600000, 0x00000000d6f00000)
  object space 75776K, 31% used [0x0000000084c00000,0x000000008632dfc8,0x0000000089600000)
 Metaspace       used 36407K, capacity 36708K, committed 37208K, reserved 1081344K
  class space    used 4499K, capacity 4619K, committed 4736K, reserved 1048576K
}

