# JRE version: OpenJDK Runtime Environment (8.0_412-b08) (build 1.8.0_412-412-b08)
# Java VM: OpenJDK 64-Bit Server VM (25.412-b08 mixed mode windows-amd64 compressed oops)
Heap:
 PSYoungGen      total 58368K, used 10531K [0x00000000d6f00000, 0x00000000dc600000, 0x0000000100000000)
  eden space 30720K, 34% used [0x00000000d6f00000,0x00000000d7948f18,0x00000000d8d00000)
  from space 27648K, 0% used [0x00000000dab00000,0x00000000dab00000,0x00000000dc600000)
  to   space 29184K, 0% used [0x00000000d8d00000,0x00000000d8d00000,0x00000000da980000)
 ParOldGen       total 77824K, used 23500K [0x0000000084c00000, 0x0000000089800000, 0x00000000d6f00000)
  object space 77824K, 30% used [0x0000000084c00000,0x00000000862f3038,0x0000000089800000)
 Metaspace       used 36744K, capacity 37100K, committed 37464K, reserved 1081344K
  class space    used 4565K, capacity 4683K, committed 4736K, reserved 1048576K
GC Heap History (10 events):
Event: 8.712 GC heap before
{Heap before GC invocations=5 (full 1):
 PSYoungGen      total 36864K, used 36856K [0x00000000d6f00000, 0x00000000d9800000, 0x0000000100000000)
  eden space 31744K, 100% used [0x00000000d6f00000,0x00000000d8e00000,0x00000000d8e00000)
  from space 5120K, 99% used [0x00000000d8e00000,0x00000000d92fe178,0x00000000d9300000)
  to   space 5120K, 0% used [0x00000000d9300000,0x00000000d9300000,0x00000000d9800000)
 ParOldGen       total 81920K, used 18048K [0x0000000084c00000, 0x0000000089c00000, 0x00000000d6f00000)
  object space 81920K, 22% used [0x0000000084c00000,0x0000000085da01e0,0x0000000089c00000)
 Metaspace       used 31047K, capacity 31346K, committed 31616K, reserved 1077248K
  class space    used 3780K, capacity 3878K, committed 3968K, reserved 1048576K
Event: 8.716 GC heap after
Heap after GC invocations=5 (full 1):
 PSYoungGen      total 36864K, used 5089K [0x00000000d6f00000, 0x00000000d9800000, 0x0000000100000000)
  eden space 31744K, 0% used [0x00000000d6f00000,0x00000000d6f00000,0x00000000d8e00000)
  from space 5120K, 99% used [0x00000000d9300000,0x00000000d97f86e0,0x00000000d9800000)
  to   space 5120K, 0% used [0x00000000d8e00000,0x00000000d8e00000,0x00000000d9300000)
 ParOldGen       total 81920K, used 19943K [0x0000000084c00000, 0x0000000089c00000, 0x00000000d6f00000)
  object space 81920K, 24% used [0x0000000084c00000,0x0000000085f79e10,0x0000000089c00000)
 Metaspace       used 31047K, capacity 31346K, committed 31616K, reserved 1077248K
  class space    used 3780K, capacity 3878K, committed 3968K, reserved 1048576K
}
Event: 16.461 GC heap before
{Heap before GC invocations=6 (full 1):
 PSYoungGen      total 36864K, used 35635K [0x00000000d6f00000, 0x00000000d9800000, 0x0000000100000000)
  eden space 31744K, 96% used [0x00000000d6f00000,0x00000000d8cd47d8,0x00000000d8e00000)
  from space 5120K, 99% used [0x00000000d9300000,0x00000000d97f86e0,0x00000000d9800000)
  to   space 5120K, 0% used [0x00000000d8e00000,0x00000000d8e00000,0x00000000d9300000)
 ParOldGen       total 81920K, used 19943K [0x0000000084c00000, 0x0000000089c00000, 0x00000000d6f00000)
  object space 81920K, 24% used [0x0000000084c00000,0x0000000085f79e10,0x0000000089c00000)
 Metaspace       used 34695K, capacity 35020K, committed 35416K, reserved 1081344K
  class space    used 4293K, capacity 4395K, committed 4480K, reserved 1048576K
Event: 16.465 GC heap after
Heap after GC invocations=6 (full 1):
 PSYoungGen      total 36352K, used 5111K [0x00000000d6f00000, 0x00000000dc880000, 0x0000000100000000)
  eden space 31232K, 0% used [0x00000000d6f00000,0x00000000d6f00000,0x00000000d8d80000)
  from space 5120K, 99% used [0x00000000d8e00000,0x00000000d92fdd08,0x00000000d9300000)
  to   space 30208K, 0% used [0x00000000dab00000,0x00000000dab00000,0x00000000dc880000)
 ParOldGen       total 81920K, used 22187K [0x0000000084c00000, 0x0000000089c00000, 0x00000000d6f00000)
  object space 81920K, 27% used [0x0000000084c00000,0x00000000861aafa0,0x0000000089c00000)
 Metaspace       used 34695K, capacity 35020K, committed 35416K, reserved 1081344K
  class space    used 4293K, capacity 4395K, committed 4480K, reserved 1048576K
}
Event: 16.465 GC heap before
{Heap before GC invocations=7 (full 2):
 PSYoungGen      total 36352K, used 5111K [0x00000000d6f00000, 0x00000000dc880000, 0x0000000100000000)
  eden space 31232K, 0% used [0x00000000d6f00000,0x00000000d6f00000,0x00000000d8d80000)
  from space 5120K, 99% used [0x00000000d8e00000,0x00000000d92fdd08,0x00000000d9300000)
  to   space 30208K, 0% used [0x00000000dab00000,0x00000000dab00000,0x00000000dc880000)
 ParOldGen       total 81920K, used 22187K [0x0000000084c00000, 0x0000000089c00000, 0x00000000d6f00000)
  object space 81920K, 27% used [0x0000000084c00000,0x00000000861aafa0,0x0000000089c00000)
 Metaspace       used 34695K, capacity 35020K, committed 35416K, reserved 1081344K
  class space    used 4293K, capacity 4395K, committed 4480K, reserved 1048576K
Event: 16.494 GC heap after
Heap after GC invocations=7 (full 2):
 PSYoungGen      total 36352K, used 0K [0x00000000d6f00000, 0x00000000dc880000, 0x0000000100000000)
  eden space 31232K, 0% used [0x00000000d6f00000,0x00000000d6f00000,0x00000000d8d80000)
  from space 5120K, 0% used [0x00000000d8e00000,0x00000000d8e00000,0x00000000d9300000)
  to   space 30208K, 0% used [0x00000000dab00000,0x00000000dab00000,0x00000000dc880000)
 ParOldGen       total 77824K, used 20827K [0x0000000084c00000, 0x0000000089800000, 0x00000000d6f00000)
  object space 77824K, 26% used [0x0000000084c00000,0x0000000086056e98,0x0000000089800000)
 Metaspace       used 34695K, capacity 35020K, committed 35416K, reserved 1081344K
  class space    used 4293K, capacity 4395K, committed 4480K, reserved 1048576K
}
Event: 37.015 GC heap before
{Heap before GC invocations=8 (full 2):
 PSYoungGen      total 36352K, used 31157K [0x00000000d6f00000, 0x00000000dc880000, 0x0000000100000000)
  eden space 31232K, 99% used [0x00000000d6f00000,0x00000000d8d6d620,0x00000000d8d80000)
  from space 5120K, 0% used [0x00000000d8e00000,0x00000000d8e00000,0x00000000d9300000)
  to   space 30208K, 0% used [0x00000000dab00000,0x00000000dab00000,0x00000000dc880000)
 ParOldGen       total 77824K, used 20827K [0x0000000084c00000, 0x0000000089800000, 0x00000000d6f00000)
  object space 77824K, 26% used [0x0000000084c00000,0x0000000086056e98,0x0000000089800000)
 Metaspace       used 36321K, capacity 36652K, committed 37208K, reserved 1081344K
  class space    used 4499K, capacity 4619K, committed 4736K, reserved 1048576K
Event: 37.020 GC heap after
Heap after GC invocations=8 (full 2):
 PSYoungGen      total 58368K, used 4948K [0x00000000d6f00000, 0x00000000dc600000, 0x0000000100000000)
  eden space 30720K, 0% used [0x00000000d6f00000,0x00000000d6f00000,0x00000000d8d00000)
  from space 27648K, 17% used [0x00000000dab00000,0x00000000dafd50c8,0x00000000dc600000)
  to   space 29184K, 0% used [0x00000000d8d00000,0x00000000d8d00000,0x00000000da980000)
 ParOldGen       total 77824K, used 20835K [0x0000000084c00000, 0x0000000089800000, 0x00000000d6f00000)
  object space 77824K, 26% used [0x0000000084c00000,0x0000000086058e98,0x0000000089800000)
 Metaspace       used 36321K, capacity 36652K, committed 37208K, reserved 1081344K
  class space    used 4499K, capacity 4619K, committed 4736K, reserved 1048576K
}
Event: 37.020 GC heap before
{Heap before GC invocations=9 (full 3):
 PSYoungGen      total 58368K, used 4948K [0x00000000d6f00000, 0x00000000dc600000, 0x0000000100000000)
  eden space 30720K, 0% used [0x00000000d6f00000,0x00000000d6f00000,0x00000000d8d00000)
  from space 27648K, 17% used [0x00000000dab00000,0x00000000dafd50c8,0x00000000dc600000)
  to   space 29184K, 0% used [0x00000000d8d00000,0x00000000d8d00000,0x00000000da980000)
 ParOldGen       total 77824K, used 20835K [0x0000000084c00000, 0x0000000089800000, 0x00000000d6f00000)
  object space 77824K, 26% used [0x0000000084c00000,0x0000000086058e98,0x0000000089800000)
 Metaspace       used 36321K, capacity 36652K, committed 37208K, reserved 1081344K
  class space    used 4499K, capacity 4619K, committed 4736K, reserved 1048576K
Event: 37.092 GC heap after
Heap after GC invocations=9 (full 3):
 PSYoungGen      total 58368K, used 0K [0x00000000d6f00000, 0x00000000dc600000, 0x0000000100000000)
  eden space 30720K, 0% used [0x00000000d6f00000,0x00000000d6f00000,0x00000000d8d00000)
  from space 27648K, 0% used [0x00000000dab00000,0x00000000dab00000,0x00000000dc600000)
  to   space 29184K, 0% used [0x00000000d8d00000,0x00000000d8d00000,0x00000000da980000)
 ParOldGen       total 77824K, used 23500K [0x0000000084c00000, 0x0000000089800000, 0x00000000d6f00000)
  object space 77824K, 30% used [0x0000000084c00000,0x00000000862f3038,0x0000000089800000)
 Metaspace       used 36321K, capacity 36652K, committed 37208K, reserved 1081344K
  class space    used 4499K, capacity 4619K, committed 4736K, reserved 1048576K
}

