# JRE version: Java(TM) SE Runtime Environment (8.0_431) (build 1.8.0_431-b10)
# Java VM: Java HotSpot(TM) 64-Bit Server VM (25.431-b10 mixed mode windows-amd64 compressed oops)
Heap:
 PSYoungGen      total 130048K, used 17437K [0x00000000d6f00000, 0x00000000e0e80000, 0x0000000100000000)
  eden space 107008K, 16% used [0x00000000d6f00000,0x00000000d8007508,0x00000000dd780000)
  from space 23040K, 0% used [0x00000000df800000,0x00000000df800000,0x00000000e0e80000)
  to   space 28160K, 0% used [0x00000000dd780000,0x00000000dd780000,0x00000000df300000)
 ParOldGen       total 89088K, used 23843K [0x0000000084c00000, 0x000000008a300000, 0x00000000d6f00000)
  object space 89088K, 26% used [0x0000000084c00000,0x0000000086348e78,0x000000008a300000)
 Metaspace       used 37009K, capacity 37350K, committed 37800K, reserved 1083392K
  class space    used 4674K, capacity 4784K, committed 4784K, reserved 1048576K
GC Heap History (10 events):
Event: 10.483 GC heap before
{Heap before GC invocations=5 (full 1):
 PSYoungGen      total 36864K, used 36853K [0x00000000d6f00000, 0x00000000db400000, 0x0000000100000000)
  eden space 31744K, 100% used [0x00000000d6f00000,0x00000000d8e00000,0x00000000d8e00000)
  from space 5120K, 99% used [0x00000000d8e00000,0x00000000d92fd720,0x00000000d9300000)
  to   space 5120K, 0% used [0x00000000daf00000,0x00000000daf00000,0x00000000db400000)
 ParOldGen       total 80896K, used 17135K [0x0000000084c00000, 0x0000000089b00000, 0x00000000d6f00000)
  object space 80896K, 21% used [0x0000000084c00000,0x0000000085cbbe30,0x0000000089b00000)
 Metaspace       used 31579K, capacity 31948K, committed 32176K, reserved 1077248K
  class space    used 3898K, capacity 4011K, committed 4016K, reserved 1048576K
Event: 10.487 GC heap after
Heap after GC invocations=5 (full 1):
 PSYoungGen      total 65024K, used 5089K [0x00000000d6f00000, 0x00000000db400000, 0x0000000100000000)
  eden space 59904K, 0% used [0x00000000d6f00000,0x00000000d6f00000,0x00000000da980000)
  from space 5120K, 99% used [0x00000000daf00000,0x00000000db3f8500,0x00000000db400000)
  to   space 5120K, 0% used [0x00000000daa00000,0x00000000daa00000,0x00000000daf00000)
 ParOldGen       total 80896K, used 20316K [0x0000000084c00000, 0x0000000089b00000, 0x00000000d6f00000)
  object space 80896K, 25% used [0x0000000084c00000,0x0000000085fd7168,0x0000000089b00000)
 Metaspace       used 31579K, capacity 31948K, committed 32176K, reserved 1077248K
  class space    used 3898K, capacity 4011K, committed 4016K, reserved 1048576K
}
Event: 19.777 GC heap before
{Heap before GC invocations=6 (full 1):
 PSYoungGen      total 65024K, used 23340K [0x00000000d6f00000, 0x00000000db400000, 0x0000000100000000)
  eden space 59904K, 30% used [0x00000000d6f00000,0x00000000d80d2c38,0x00000000da980000)
  from space 5120K, 99% used [0x00000000daf00000,0x00000000db3f8500,0x00000000db400000)
  to   space 5120K, 0% used [0x00000000daa00000,0x00000000daa00000,0x00000000daf00000)
 ParOldGen       total 80896K, used 20316K [0x0000000084c00000, 0x0000000089b00000, 0x00000000d6f00000)
  object space 80896K, 25% used [0x0000000084c00000,0x0000000085fd7168,0x0000000089b00000)
 Metaspace       used 34732K, capacity 35078K, committed 35496K, reserved 1081344K
  class space    used 4334K, capacity 4432K, committed 4528K, reserved 1048576K
Event: 19.782 GC heap after
Heap after GC invocations=6 (full 1):
 PSYoungGen      total 65536K, used 5096K [0x00000000d6f00000, 0x00000000e1500000, 0x0000000100000000)
  eden space 60416K, 0% used [0x00000000d6f00000,0x00000000d6f00000,0x00000000daa00000)
  from space 5120K, 99% used [0x00000000daa00000,0x00000000daefa1c8,0x00000000daf00000)
  to   space 29696K, 0% used [0x00000000df800000,0x00000000df800000,0x00000000e1500000)
 ParOldGen       total 80896K, used 23987K [0x0000000084c00000, 0x0000000089b00000, 0x00000000d6f00000)
  object space 80896K, 29% used [0x0000000084c00000,0x000000008636cf68,0x0000000089b00000)
 Metaspace       used 34732K, capacity 35078K, committed 35496K, reserved 1081344K
  class space    used 4334K, capacity 4432K, committed 4528K, reserved 1048576K
}
Event: 19.782 GC heap before
{Heap before GC invocations=7 (full 2):
 PSYoungGen      total 65536K, used 5096K [0x00000000d6f00000, 0x00000000e1500000, 0x0000000100000000)
  eden space 60416K, 0% used [0x00000000d6f00000,0x00000000d6f00000,0x00000000daa00000)
  from space 5120K, 99% used [0x00000000daa00000,0x00000000daefa1c8,0x00000000daf00000)
  to   space 29696K, 0% used [0x00000000df800000,0x00000000df800000,0x00000000e1500000)
 ParOldGen       total 80896K, used 23987K [0x0000000084c00000, 0x0000000089b00000, 0x00000000d6f00000)
  object space 80896K, 29% used [0x0000000084c00000,0x000000008636cf68,0x0000000089b00000)
 Metaspace       used 34732K, capacity 35078K, committed 35496K, reserved 1081344K
  class space    used 4334K, capacity 4432K, committed 4528K, reserved 1048576K
Event: 19.822 GC heap after
Heap after GC invocations=7 (full 2):
 PSYoungGen      total 65536K, used 0K [0x00000000d6f00000, 0x00000000e1500000, 0x0000000100000000)
  eden space 60416K, 0% used [0x00000000d6f00000,0x00000000d6f00000,0x00000000daa00000)
  from space 5120K, 0% used [0x00000000daa00000,0x00000000daa00000,0x00000000daf00000)
  to   space 29696K, 0% used [0x00000000df800000,0x00000000df800000,0x00000000e1500000)
 ParOldGen       total 89088K, used 21472K [0x0000000084c00000, 0x000000008a300000, 0x00000000d6f00000)
  object space 89088K, 24% used [0x0000000084c00000,0x00000000860f8040,0x000000008a300000)
 Metaspace       used 34732K, capacity 35078K, committed 35496K, reserved 1081344K
  class space    used 4334K, capacity 4432K, committed 4528K, reserved 1048576K
}
Event: 36.496 GC heap before
{Heap before GC invocations=8 (full 2):
 PSYoungGen      total 65536K, used 16977K [0x00000000d6f00000, 0x00000000e1500000, 0x0000000100000000)
  eden space 60416K, 28% used [0x00000000d6f00000,0x00000000d7f945e8,0x00000000daa00000)
  from space 5120K, 0% used [0x00000000daa00000,0x00000000daa00000,0x00000000daf00000)
  to   space 29696K, 0% used [0x00000000df800000,0x00000000df800000,0x00000000e1500000)
 ParOldGen       total 89088K, used 21472K [0x0000000084c00000, 0x000000008a300000, 0x00000000d6f00000)
  object space 89088K, 24% used [0x0000000084c00000,0x00000000860f8040,0x000000008a300000)
 Metaspace       used 36582K, capacity 36998K, committed 37544K, reserved 1081344K
  class space    used 4605K, capacity 4752K, committed 4784K, reserved 1048576K
Event: 36.501 GC heap after
Heap after GC invocations=8 (full 2):
 PSYoungGen      total 130048K, used 6861K [0x00000000d6f00000, 0x00000000e0e80000, 0x0000000100000000)
  eden space 107008K, 0% used [0x00000000d6f00000,0x00000000d6f00000,0x00000000dd780000)
  from space 23040K, 29% used [0x00000000df800000,0x00000000dfeb3778,0x00000000e0e80000)
  to   space 28160K, 0% used [0x00000000dd780000,0x00000000dd780000,0x00000000df300000)
 ParOldGen       total 89088K, used 21480K [0x0000000084c00000, 0x000000008a300000, 0x00000000d6f00000)
  object space 89088K, 24% used [0x0000000084c00000,0x00000000860fa040,0x000000008a300000)
 Metaspace       used 36582K, capacity 36998K, committed 37544K, reserved 1081344K
  class space    used 4605K, capacity 4752K, committed 4784K, reserved 1048576K
}
Event: 36.501 GC heap before
{Heap before GC invocations=9 (full 3):
 PSYoungGen      total 130048K, used 6861K [0x00000000d6f00000, 0x00000000e0e80000, 0x0000000100000000)
  eden space 107008K, 0% used [0x00000000d6f00000,0x00000000d6f00000,0x00000000dd780000)
  from space 23040K, 29% used [0x00000000df800000,0x00000000dfeb3778,0x00000000e0e80000)
  to   space 28160K, 0% used [0x00000000dd780000,0x00000000dd780000,0x00000000df300000)
 ParOldGen       total 89088K, used 21480K [0x0000000084c00000, 0x000000008a300000, 0x00000000d6f00000)
  object space 89088K, 24% used [0x0000000084c00000,0x00000000860fa040,0x000000008a300000)
 Metaspace       used 36582K, capacity 36998K, committed 37544K, reserved 1081344K
  class space    used 4605K, capacity 4752K, committed 4784K, reserved 1048576K
Event: 36.573 GC heap after
Heap after GC invocations=9 (full 3):
 PSYoungGen      total 130048K, used 0K [0x00000000d6f00000, 0x00000000e0e80000, 0x0000000100000000)
  eden space 107008K, 0% used [0x00000000d6f00000,0x00000000d6f00000,0x00000000dd780000)
  from space 23040K, 0% used [0x00000000df800000,0x00000000df800000,0x00000000e0e80000)
  to   space 28160K, 0% used [0x00000000dd780000,0x00000000dd780000,0x00000000df300000)
 ParOldGen       total 89088K, used 23843K [0x0000000084c00000, 0x000000008a300000, 0x00000000d6f00000)
  object space 89088K, 26% used [0x0000000084c00000,0x0000000086348e78,0x000000008a300000)
 Metaspace       used 36582K, capacity 36998K, committed 37544K, reserved 1081344K
  class space    used 4605K, capacity 4752K, committed 4784K, reserved 1048576K
}

