# JRE version: OpenJDK Runtime Environment (8.0_412-b08) (build 1.8.0_412-412-b08)
# Java VM: OpenJDK 64-Bit Server VM (25.412-b08 mixed mode windows-amd64 compressed oops)
Heap:
 PSYoungGen      total 154624K, used 16825K [0x00000000d6f00000, 0x00000000e9800000, 0x0000000100000000)
  eden space 126464K, 13% used [0x00000000d6f00000,0x00000000d7f6e788,0x00000000dea80000)
  from space 28160K, 0% used [0x00000000dea80000,0x00000000dea80000,0x00000000e0600000)
  to   space 26624K, 0% used [0x00000000e7e00000,0x00000000e7e00000,0x00000000e9800000)
 ParOldGen       total 78848K, used 23536K [0x0000000084c00000, 0x0000000089900000, 0x00000000d6f00000)
  object space 78848K, 29% used [0x0000000084c00000,0x00000000862fc228,0x0000000089900000)
 Metaspace       used 36767K, capacity 37156K, committed 37720K, reserved 1083392K
  class space    used 4565K, capacity 4683K, committed 4736K, reserved 1048576K
GC Heap History (10 events):
Event: 18.926 GC heap before
{Heap before GC invocations=6 (full 1):
 PSYoungGen      total 68608K, used 68604K [0x00000000d6f00000, 0x00000000db700000, 0x0000000100000000)
  eden space 63488K, 100% used [0x00000000d6f00000,0x00000000dad00000,0x00000000dad00000)
  from space 5120K, 99% used [0x00000000db200000,0x00000000db6ff3e8,0x00000000db700000)
  to   space 5120K, 0% used [0x00000000dad00000,0x00000000dad00000,0x00000000db200000)
 ParOldGen       total 79360K, used 17030K [0x0000000084c00000, 0x0000000089980000, 0x00000000d6f00000)
  object space 79360K, 21% used [0x0000000084c00000,0x0000000085ca1ad0,0x0000000089980000)
 Metaspace       used 34713K, capacity 35012K, committed 35416K, reserved 1081344K
  class space    used 4293K, capacity 4395K, committed 4480K, reserved 1048576K
Event: 18.932 GC heap after
Heap after GC invocations=6 (full 1):
 PSYoungGen      total 68608K, used 5096K [0x00000000d6f00000, 0x00000000e2380000, 0x0000000100000000)
  eden space 63488K, 0% used [0x00000000d6f00000,0x00000000d6f00000,0x00000000dad00000)
  from space 5120K, 99% used [0x00000000dad00000,0x00000000db1fa1d8,0x00000000db200000)
  to   space 29184K, 0% used [0x00000000e0700000,0x00000000e0700000,0x00000000e2380000)
 ParOldGen       total 79360K, used 22273K [0x0000000084c00000, 0x0000000089980000, 0x00000000d6f00000)
  object space 79360K, 28% used [0x0000000084c00000,0x00000000861c06e8,0x0000000089980000)
 Metaspace       used 34713K, capacity 35012K, committed 35416K, reserved 1081344K
  class space    used 4293K, capacity 4395K, committed 4480K, reserved 1048576K
}
Event: 18.940 GC heap before
{Heap before GC invocations=7 (full 1):
 PSYoungGen      total 68608K, used 7603K [0x00000000d6f00000, 0x00000000e2380000, 0x0000000100000000)
  eden space 63488K, 3% used [0x00000000d6f00000,0x00000000d7172b10,0x00000000dad00000)
  from space 5120K, 99% used [0x00000000dad00000,0x00000000db1fa1d8,0x00000000db200000)
  to   space 29184K, 0% used [0x00000000e0700000,0x00000000e0700000,0x00000000e2380000)
 ParOldGen       total 79360K, used 22273K [0x0000000084c00000, 0x0000000089980000, 0x00000000d6f00000)
  object space 79360K, 28% used [0x0000000084c00000,0x00000000861c06e8,0x0000000089980000)
 Metaspace       used 34725K, capacity 35012K, committed 35416K, reserved 1081344K
  class space    used 4293K, capacity 4395K, committed 4480K, reserved 1048576K
Event: 18.943 GC heap after
Heap after GC invocations=7 (full 1):
 PSYoungGen      total 153600K, used 5224K [0x00000000d6f00000, 0x00000000e2180000, 0x0000000100000000)
  eden space 126464K, 0% used [0x00000000d6f00000,0x00000000d6f00000,0x00000000dea80000)
  from space 27136K, 19% used [0x00000000e0700000,0x00000000e0c1a1b8,0x00000000e2180000)
  to   space 28160K, 0% used [0x00000000dea80000,0x00000000dea80000,0x00000000e0600000)
 ParOldGen       total 79360K, used 22273K [0x0000000084c00000, 0x0000000089980000, 0x00000000d6f00000)
  object space 79360K, 28% used [0x0000000084c00000,0x00000000861c06e8,0x0000000089980000)
 Metaspace       used 34725K, capacity 35012K, committed 35416K, reserved 1081344K
  class space    used 4293K, capacity 4395K, committed 4480K, reserved 1048576K
}
Event: 18.943 GC heap before
{Heap before GC invocations=8 (full 2):
 PSYoungGen      total 153600K, used 5224K [0x00000000d6f00000, 0x00000000e2180000, 0x0000000100000000)
  eden space 126464K, 0% used [0x00000000d6f00000,0x00000000d6f00000,0x00000000dea80000)
  from space 27136K, 19% used [0x00000000e0700000,0x00000000e0c1a1b8,0x00000000e2180000)
  to   space 28160K, 0% used [0x00000000dea80000,0x00000000dea80000,0x00000000e0600000)
 ParOldGen       total 79360K, used 22273K [0x0000000084c00000, 0x0000000089980000, 0x00000000d6f00000)
  object space 79360K, 28% used [0x0000000084c00000,0x00000000861c06e8,0x0000000089980000)
 Metaspace       used 34725K, capacity 35012K, committed 35416K, reserved 1081344K
  class space    used 4293K, capacity 4395K, committed 4480K, reserved 1048576K
Event: 18.975 GC heap after
Heap after GC invocations=8 (full 2):
 PSYoungGen      total 153600K, used 0K [0x00000000d6f00000, 0x00000000e2180000, 0x0000000100000000)
  eden space 126464K, 0% used [0x00000000d6f00000,0x00000000d6f00000,0x00000000dea80000)
  from space 27136K, 0% used [0x00000000e0700000,0x00000000e0700000,0x00000000e2180000)
  to   space 28160K, 0% used [0x00000000dea80000,0x00000000dea80000,0x00000000e0600000)
 ParOldGen       total 78848K, used 21741K [0x0000000084c00000, 0x0000000089900000, 0x00000000d6f00000)
  object space 78848K, 27% used [0x0000000084c00000,0x000000008613b430,0x0000000089900000)
 Metaspace       used 34725K, capacity 35012K, committed 35416K, reserved 1081344K
  class space    used 4293K, capacity 4395K, committed 4480K, reserved 1048576K
}
Event: 31.415 GC heap before
{Heap before GC invocations=9 (full 2):
 PSYoungGen      total 153600K, used 30719K [0x00000000d6f00000, 0x00000000e2180000, 0x0000000100000000)
  eden space 126464K, 24% used [0x00000000d6f00000,0x00000000d8cfffc0,0x00000000dea80000)
  from space 27136K, 0% used [0x00000000e0700000,0x00000000e0700000,0x00000000e2180000)
  to   space 28160K, 0% used [0x00000000dea80000,0x00000000dea80000,0x00000000e0600000)
 ParOldGen       total 78848K, used 21741K [0x0000000084c00000, 0x0000000089900000, 0x00000000d6f00000)
  object space 78848K, 27% used [0x0000000084c00000,0x000000008613b430,0x0000000089900000)
 Metaspace       used 36317K, capacity 36708K, committed 37208K, reserved 1081344K
  class space    used 4499K, capacity 4619K, committed 4736K, reserved 1048576K
Event: 31.421 GC heap after
Heap after GC invocations=9 (full 2):
 PSYoungGen      total 154624K, used 5699K [0x00000000d6f00000, 0x00000000e9800000, 0x0000000100000000)
  eden space 126464K, 0% used [0x00000000d6f00000,0x00000000d6f00000,0x00000000dea80000)
  from space 28160K, 20% used [0x00000000dea80000,0x00000000df010f48,0x00000000e0600000)
  to   space 26624K, 0% used [0x00000000e7e00000,0x00000000e7e00000,0x00000000e9800000)
 ParOldGen       total 78848K, used 21749K [0x0000000084c00000, 0x0000000089900000, 0x00000000d6f00000)
  object space 78848K, 27% used [0x0000000084c00000,0x000000008613d430,0x0000000089900000)
 Metaspace       used 36317K, capacity 36708K, committed 37208K, reserved 1081344K
  class space    used 4499K, capacity 4619K, committed 4736K, reserved 1048576K
}
Event: 31.421 GC heap before
{Heap before GC invocations=10 (full 3):
 PSYoungGen      total 154624K, used 5699K [0x00000000d6f00000, 0x00000000e9800000, 0x0000000100000000)
  eden space 126464K, 0% used [0x00000000d6f00000,0x00000000d6f00000,0x00000000dea80000)
  from space 28160K, 20% used [0x00000000dea80000,0x00000000df010f48,0x00000000e0600000)
  to   space 26624K, 0% used [0x00000000e7e00000,0x00000000e7e00000,0x00000000e9800000)
 ParOldGen       total 78848K, used 21749K [0x0000000084c00000, 0x0000000089900000, 0x00000000d6f00000)
  object space 78848K, 27% used [0x0000000084c00000,0x000000008613d430,0x0000000089900000)
 Metaspace       used 36317K, capacity 36708K, committed 37208K, reserved 1081344K
  class space    used 4499K, capacity 4619K, committed 4736K, reserved 1048576K
Event: 31.476 GC heap after
Heap after GC invocations=10 (full 3):
 PSYoungGen      total 154624K, used 0K [0x00000000d6f00000, 0x00000000e9800000, 0x0000000100000000)
  eden space 126464K, 0% used [0x00000000d6f00000,0x00000000d6f00000,0x00000000dea80000)
  from space 28160K, 0% used [0x00000000dea80000,0x00000000dea80000,0x00000000e0600000)
  to   space 26624K, 0% used [0x00000000e7e00000,0x00000000e7e00000,0x00000000e9800000)
 ParOldGen       total 78848K, used 23536K [0x0000000084c00000, 0x0000000089900000, 0x00000000d6f00000)
  object space 78848K, 29% used [0x0000000084c00000,0x00000000862fc228,0x0000000089900000)
 Metaspace       used 36317K, capacity 36708K, committed 37208K, reserved 1081344K
  class space    used 4499K, capacity 4619K, committed 4736K, reserved 1048576K
}

