# JRE version: OpenJDK Runtime Environment (8.0_412-b08) (build 1.8.0_412-412-b08)
# Java VM: OpenJDK 64-Bit Server VM (25.412-b08 mixed mode windows-amd64 compressed oops)
Heap:
 PSYoungGen      total 128512K, used 13352K [0x00000000d6f00000, 0x00000000e1680000, 0x0000000100000000)
  eden space 119296K, 11% used [0x00000000d6f00000,0x00000000d7c0a0c8,0x00000000de380000)
  from space 9216K, 0% used [0x00000000de380000,0x00000000de380000,0x00000000dec80000)
  to   space 26112K, 0% used [0x00000000dfd00000,0x00000000dfd00000,0x00000000e1680000)
 ParOldGen       total 83968K, used 24117K [0x0000000084c00000, 0x0000000089e00000, 0x00000000d6f00000)
  object space 83968K, 28% used [0x0000000084c00000,0x000000008638d4f8,0x0000000089e00000)
 Metaspace       used 40600K, capacity 40996K, committed 41560K, reserved 1085440K
  class space    used 5022K, capacity 5145K, committed 5208K, reserved 1048576K
GC Heap History (10 events):
Event: 18.142 GC heap before
{Heap before GC invocations=6 (full 1):
 PSYoungGen      total 67584K, used 56793K [0x00000000d6f00000, 0x00000000db700000, 0x0000000100000000)
  eden space 62464K, 82% used [0x00000000d6f00000,0x00000000da179d90,0x00000000dac00000)
  from space 5120K, 99% used [0x00000000db200000,0x00000000db6fc998,0x00000000db700000)
  to   space 5120K, 0% used [0x00000000dad00000,0x00000000dad00000,0x00000000db200000)
 ParOldGen       total 79872K, used 16042K [0x0000000084c00000, 0x0000000089a00000, 0x00000000d6f00000)
  object space 79872K, 20% used [0x0000000084c00000,0x0000000085baabe0,0x0000000089a00000)
 Metaspace       used 34702K, capacity 35016K, committed 35416K, reserved 1081344K
  class space    used 4261K, capacity 4375K, committed 4440K, reserved 1048576K
Event: 18.148 GC heap after
Heap after GC invocations=6 (full 1):
 PSYoungGen      total 68608K, used 5089K [0x00000000d6f00000, 0x00000000e2080000, 0x0000000100000000)
  eden space 63488K, 0% used [0x00000000d6f00000,0x00000000d6f00000,0x00000000dad00000)
  from space 5120K, 99% used [0x00000000dad00000,0x00000000db1f8500,0x00000000db200000)
  to   space 30208K, 0% used [0x00000000e0300000,0x00000000e0300000,0x00000000e2080000)
 ParOldGen       total 79872K, used 19259K [0x0000000084c00000, 0x0000000089a00000, 0x00000000d6f00000)
  object space 79872K, 24% used [0x0000000084c00000,0x0000000085ecefc0,0x0000000089a00000)
 Metaspace       used 34702K, capacity 35016K, committed 35416K, reserved 1081344K
  class space    used 4261K, capacity 4375K, committed 4440K, reserved 1048576K
}
Event: 18.148 GC heap before
{Heap before GC invocations=7 (full 2):
 PSYoungGen      total 68608K, used 5089K [0x00000000d6f00000, 0x00000000e2080000, 0x0000000100000000)
  eden space 63488K, 0% used [0x00000000d6f00000,0x00000000d6f00000,0x00000000dad00000)
  from space 5120K, 99% used [0x00000000dad00000,0x00000000db1f8500,0x00000000db200000)
  to   space 30208K, 0% used [0x00000000e0300000,0x00000000e0300000,0x00000000e2080000)
 ParOldGen       total 79872K, used 19259K [0x0000000084c00000, 0x0000000089a00000, 0x00000000d6f00000)
  object space 79872K, 24% used [0x0000000084c00000,0x0000000085ecefc0,0x0000000089a00000)
 Metaspace       used 34702K, capacity 35016K, committed 35416K, reserved 1081344K
  class space    used 4261K, capacity 4375K, committed 4440K, reserved 1048576K
Event: 18.188 GC heap after
Heap after GC invocations=7 (full 2):
 PSYoungGen      total 68608K, used 0K [0x00000000d6f00000, 0x00000000e2080000, 0x0000000100000000)
  eden space 63488K, 0% used [0x00000000d6f00000,0x00000000d6f00000,0x00000000dad00000)
  from space 5120K, 0% used [0x00000000dad00000,0x00000000dad00000,0x00000000db200000)
  to   space 30208K, 0% used [0x00000000e0300000,0x00000000e0300000,0x00000000e2080000)
 ParOldGen       total 83968K, used 21585K [0x0000000084c00000, 0x0000000089e00000, 0x00000000d6f00000)
  object space 83968K, 25% used [0x0000000084c00000,0x00000000861146d0,0x0000000089e00000)
 Metaspace       used 34702K, capacity 35016K, committed 35416K, reserved 1081344K
  class space    used 4261K, capacity 4375K, committed 4440K, reserved 1048576K
}
Event: 58.758 GC heap before
{Heap before GC invocations=8 (full 2):
 PSYoungGen      total 68608K, used 63488K [0x00000000d6f00000, 0x00000000e2080000, 0x0000000100000000)
  eden space 63488K, 100% used [0x00000000d6f00000,0x00000000dad00000,0x00000000dad00000)
  from space 5120K, 0% used [0x00000000dad00000,0x00000000dad00000,0x00000000db200000)
  to   space 30208K, 0% used [0x00000000e0300000,0x00000000e0300000,0x00000000e2080000)
 ParOldGen       total 83968K, used 21585K [0x0000000084c00000, 0x0000000089e00000, 0x00000000d6f00000)
  object space 83968K, 25% used [0x0000000084c00000,0x00000000861146d0,0x0000000089e00000)
 Metaspace       used 39521K, capacity 39836K, committed 40408K, reserved 1085440K
  class space    used 4889K, capacity 5017K, committed 5080K, reserved 1048576K
Event: 58.763 GC heap after
Heap after GC invocations=8 (full 2):
 PSYoungGen      total 142336K, used 9477K [0x00000000d6f00000, 0x00000000e1980000, 0x0000000100000000)
  eden space 119296K, 0% used [0x00000000d6f00000,0x00000000d6f00000,0x00000000de380000)
  from space 23040K, 41% used [0x00000000e0300000,0x00000000e0c41490,0x00000000e1980000)
  to   space 27648K, 0% used [0x00000000de380000,0x00000000de380000,0x00000000dfe80000)
 ParOldGen       total 83968K, used 21593K [0x0000000084c00000, 0x0000000089e00000, 0x00000000d6f00000)
  object space 83968K, 25% used [0x0000000084c00000,0x00000000861166d0,0x0000000089e00000)
 Metaspace       used 39521K, capacity 39836K, committed 40408K, reserved 1085440K
  class space    used 4889K, capacity 5017K, committed 5080K, reserved 1048576K
}
Event: 63.481 GC heap before
{Heap before GC invocations=9 (full 2):
 PSYoungGen      total 142336K, used 24769K [0x00000000d6f00000, 0x00000000e1980000, 0x0000000100000000)
  eden space 119296K, 12% used [0x00000000d6f00000,0x00000000d7deef70,0x00000000de380000)
  from space 23040K, 41% used [0x00000000e0300000,0x00000000e0c41490,0x00000000e1980000)
  to   space 27648K, 0% used [0x00000000de380000,0x00000000de380000,0x00000000dfe80000)
 ParOldGen       total 83968K, used 21593K [0x0000000084c00000, 0x0000000089e00000, 0x00000000d6f00000)
  object space 83968K, 25% used [0x0000000084c00000,0x00000000861166d0,0x0000000089e00000)
 Metaspace       used 39560K, capacity 39964K, committed 40408K, reserved 1085440K
  class space    used 4890K, capacity 5017K, committed 5080K, reserved 1048576K
Event: 63.484 GC heap after
Heap after GC invocations=9 (full 2):
 PSYoungGen      total 128512K, used 8797K [0x00000000d6f00000, 0x00000000e1680000, 0x0000000100000000)
  eden space 119296K, 0% used [0x00000000d6f00000,0x00000000d6f00000,0x00000000de380000)
  from space 9216K, 95% used [0x00000000de380000,0x00000000dec174e0,0x00000000dec80000)
  to   space 26112K, 0% used [0x00000000dfd00000,0x00000000dfd00000,0x00000000e1680000)
 ParOldGen       total 83968K, used 21601K [0x0000000084c00000, 0x0000000089e00000, 0x00000000d6f00000)
  object space 83968K, 25% used [0x0000000084c00000,0x00000000861186d0,0x0000000089e00000)
 Metaspace       used 39560K, capacity 39964K, committed 40408K, reserved 1085440K
  class space    used 4890K, capacity 5017K, committed 5080K, reserved 1048576K
}
Event: 63.484 GC heap before
{Heap before GC invocations=10 (full 3):
 PSYoungGen      total 128512K, used 8797K [0x00000000d6f00000, 0x00000000e1680000, 0x0000000100000000)
  eden space 119296K, 0% used [0x00000000d6f00000,0x00000000d6f00000,0x00000000de380000)
  from space 9216K, 95% used [0x00000000de380000,0x00000000dec174e0,0x00000000dec80000)
  to   space 26112K, 0% used [0x00000000dfd00000,0x00000000dfd00000,0x00000000e1680000)
 ParOldGen       total 83968K, used 21601K [0x0000000084c00000, 0x0000000089e00000, 0x00000000d6f00000)
  object space 83968K, 25% used [0x0000000084c00000,0x00000000861186d0,0x0000000089e00000)
 Metaspace       used 39560K, capacity 39964K, committed 40408K, reserved 1085440K
  class space    used 4890K, capacity 5017K, committed 5080K, reserved 1048576K
Event: 63.542 GC heap after
Heap after GC invocations=10 (full 3):
 PSYoungGen      total 128512K, used 0K [0x00000000d6f00000, 0x00000000e1680000, 0x0000000100000000)
  eden space 119296K, 0% used [0x00000000d6f00000,0x00000000d6f00000,0x00000000de380000)
  from space 9216K, 0% used [0x00000000de380000,0x00000000de380000,0x00000000dec80000)
  to   space 26112K, 0% used [0x00000000dfd00000,0x00000000dfd00000,0x00000000e1680000)
 ParOldGen       total 83968K, used 24117K [0x0000000084c00000, 0x0000000089e00000, 0x00000000d6f00000)
  object space 83968K, 28% used [0x0000000084c00000,0x000000008638d4f8,0x0000000089e00000)
 Metaspace       used 39560K, capacity 39964K, committed 40408K, reserved 1085440K
  class space    used 4890K, capacity 5017K, committed 5080K, reserved 1048576K
}

