# JRE version: Java(TM) SE Runtime Environment (8.0_111-b14) (build 1.8.0_111-b14)
# Java VM: Java HotSpot(TM) 64-Bit Server VM (25.111-b14 mixed mode windows-amd64 compressed oops)
Heap:
 PSYoungGen      total 134144K, used 21660K [0x00000000d6f00000, 0x00000000e6900000, 0x0000000100000000)
  eden space 115712K, 18% used [0x00000000d6f00000,0x00000000d84272d0,0x00000000de000000)
  from space 18432K, 0% used [0x00000000de000000,0x00000000de000000,0x00000000df200000)
  to   space 18432K, 0% used [0x00000000e5700000,0x00000000e5700000,0x00000000e6900000)
 ParOldGen       total 89600K, used 22898K [0x0000000084c00000, 0x000000008a380000, 0x00000000d6f00000)
  object space 89600K, 25% used [0x0000000084c00000,0x000000008625c820,0x000000008a380000)
 Metaspace       used 36077K, capacity 36302K, committed 36568K, reserved 1081344K
  class space    used 4445K, capacity 4546K, committed 4608K, reserved 1048576K
GC Heap History (10 events):
Event: 8.146 GC heap before
{Heap before GC invocations=6 (full 1):
 PSYoungGen      total 65536K, used 65529K [0x00000000d6f00000, 0x00000000db700000, 0x0000000100000000)
  eden space 60416K, 100% used [0x00000000d6f00000,0x00000000daa00000,0x00000000daa00000)
  from space 5120K, 99% used [0x00000000db200000,0x00000000db6fe708,0x00000000db700000)
  to   space 5120K, 0% used [0x00000000dad00000,0x00000000dad00000,0x00000000db200000)
 ParOldGen       total 76800K, used 15928K [0x0000000084c00000, 0x0000000089700000, 0x00000000d6f00000)
  object space 76800K, 20% used [0x0000000084c00000,0x0000000085b8e018,0x0000000089700000)
 Metaspace       used 27288K, capacity 27520K, committed 27776K, reserved 1073152K
  class space    used 3270K, capacity 3353K, committed 3456K, reserved 1048576K
Event: 8.157 GC heap after
Heap after GC invocations=6 (full 1):
 PSYoungGen      total 68608K, used 5119K [0x00000000d6f00000, 0x00000000e0500000, 0x0000000100000000)
  eden space 63488K, 0% used [0x00000000d6f00000,0x00000000d6f00000,0x00000000dad00000)
  from space 5120K, 99% used [0x00000000dad00000,0x00000000db1fff48,0x00000000db200000)
  to   space 19456K, 0% used [0x00000000df200000,0x00000000df200000,0x00000000e0500000)
 ParOldGen       total 76800K, used 32867K [0x0000000084c00000, 0x0000000089700000, 0x00000000d6f00000)
  object space 76800K, 42% used [0x0000000084c00000,0x0000000086c18eb0,0x0000000089700000)
 Metaspace       used 27288K, capacity 27520K, committed 27776K, reserved 1073152K
  class space    used 3270K, capacity 3353K, committed 3456K, reserved 1048576K
}
Event: 26.870 GC heap before
{Heap before GC invocations=7 (full 1):
 PSYoungGen      total 68608K, used 59309K [0x00000000d6f00000, 0x00000000e0500000, 0x0000000100000000)
  eden space 63488K, 85% used [0x00000000d6f00000,0x00000000da3eb5f8,0x00000000dad00000)
  from space 5120K, 99% used [0x00000000dad00000,0x00000000db1fff48,0x00000000db200000)
  to   space 19456K, 0% used [0x00000000df200000,0x00000000df200000,0x00000000e0500000)
 ParOldGen       total 76800K, used 32867K [0x0000000084c00000, 0x0000000089700000, 0x00000000d6f00000)
  object space 76800K, 42% used [0x0000000084c00000,0x0000000086c18eb0,0x0000000089700000)
 Metaspace       used 34896K, capacity 35136K, committed 35416K, reserved 1081344K
  class space    used 4312K, capacity 4417K, committed 4480K, reserved 1048576K
Event: 26.876 GC heap after
Heap after GC invocations=7 (full 1):
 PSYoungGen      total 135168K, used 10850K [0x00000000d6f00000, 0x00000000e0700000, 0x0000000100000000)
  eden space 115712K, 0% used [0x00000000d6f00000,0x00000000d6f00000,0x00000000de000000)
  from space 19456K, 55% used [0x00000000df200000,0x00000000dfc989f0,0x00000000e0500000)
  to   space 18432K, 0% used [0x00000000de000000,0x00000000de000000,0x00000000df200000)
 ParOldGen       total 76800K, used 32875K [0x0000000084c00000, 0x0000000089700000, 0x00000000d6f00000)
  object space 76800K, 42% used [0x0000000084c00000,0x0000000086c1aeb0,0x0000000089700000)
 Metaspace       used 34896K, capacity 35136K, committed 35416K, reserved 1081344K
  class space    used 4312K, capacity 4417K, committed 4480K, reserved 1048576K
}
Event: 26.876 GC heap before
{Heap before GC invocations=8 (full 2):
 PSYoungGen      total 135168K, used 10850K [0x00000000d6f00000, 0x00000000e0700000, 0x0000000100000000)
  eden space 115712K, 0% used [0x00000000d6f00000,0x00000000d6f00000,0x00000000de000000)
  from space 19456K, 55% used [0x00000000df200000,0x00000000dfc989f0,0x00000000e0500000)
  to   space 18432K, 0% used [0x00000000de000000,0x00000000de000000,0x00000000df200000)
 ParOldGen       total 76800K, used 32875K [0x0000000084c00000, 0x0000000089700000, 0x00000000d6f00000)
  object space 76800K, 42% used [0x0000000084c00000,0x0000000086c1aeb0,0x0000000089700000)
 Metaspace       used 34896K, capacity 35136K, committed 35416K, reserved 1081344K
  class space    used 4312K, capacity 4417K, committed 4480K, reserved 1048576K
Event: 26.907 GC heap after
Heap after GC invocations=8 (full 2):
 PSYoungGen      total 135168K, used 0K [0x00000000d6f00000, 0x00000000e0700000, 0x0000000100000000)
  eden space 115712K, 0% used [0x00000000d6f00000,0x00000000d6f00000,0x00000000de000000)
  from space 19456K, 0% used [0x00000000df200000,0x00000000df200000,0x00000000e0500000)
  to   space 18432K, 0% used [0x00000000de000000,0x00000000de000000,0x00000000df200000)
 ParOldGen       total 89600K, used 22765K [0x0000000084c00000, 0x000000008a380000, 0x00000000d6f00000)
  object space 89600K, 25% used [0x0000000084c00000,0x000000008623b5f0,0x000000008a380000)
 Metaspace       used 34896K, capacity 35136K, committed 35416K, reserved 1081344K
  class space    used 4312K, capacity 4417K, committed 4480K, reserved 1048576K
}
Event: 29.489 GC heap before
{Heap before GC invocations=9 (full 2):
 PSYoungGen      total 135168K, used 15219K [0x00000000d6f00000, 0x00000000e0700000, 0x0000000100000000)
  eden space 115712K, 13% used [0x00000000d6f00000,0x00000000d7ddce78,0x00000000de000000)
  from space 19456K, 0% used [0x00000000df200000,0x00000000df200000,0x00000000e0500000)
  to   space 18432K, 0% used [0x00000000de000000,0x00000000de000000,0x00000000df200000)
 ParOldGen       total 89600K, used 22765K [0x0000000084c00000, 0x000000008a380000, 0x00000000d6f00000)
  object space 89600K, 25% used [0x0000000084c00000,0x000000008623b5f0,0x000000008a380000)
 Metaspace       used 35423K, capacity 35680K, committed 35928K, reserved 1081344K
  class space    used 4367K, capacity 4449K, committed 4480K, reserved 1048576K
Event: 29.493 GC heap after
Heap after GC invocations=9 (full 2):
 PSYoungGen      total 134144K, used 6144K [0x00000000d6f00000, 0x00000000e6900000, 0x0000000100000000)
  eden space 115712K, 0% used [0x00000000d6f00000,0x00000000d6f00000,0x00000000de000000)
  from space 18432K, 33% used [0x00000000de000000,0x00000000de6001b0,0x00000000df200000)
  to   space 18432K, 0% used [0x00000000e5700000,0x00000000e5700000,0x00000000e6900000)
 ParOldGen       total 89600K, used 22773K [0x0000000084c00000, 0x000000008a380000, 0x00000000d6f00000)
  object space 89600K, 25% used [0x0000000084c00000,0x000000008623d5f0,0x000000008a380000)
 Metaspace       used 35423K, capacity 35680K, committed 35928K, reserved 1081344K
  class space    used 4367K, capacity 4449K, committed 4480K, reserved 1048576K
}
Event: 29.493 GC heap before
{Heap before GC invocations=10 (full 3):
 PSYoungGen      total 134144K, used 6144K [0x00000000d6f00000, 0x00000000e6900000, 0x0000000100000000)
  eden space 115712K, 0% used [0x00000000d6f00000,0x00000000d6f00000,0x00000000de000000)
  from space 18432K, 33% used [0x00000000de000000,0x00000000de6001b0,0x00000000df200000)
  to   space 18432K, 0% used [0x00000000e5700000,0x00000000e5700000,0x00000000e6900000)
 ParOldGen       total 89600K, used 22773K [0x0000000084c00000, 0x000000008a380000, 0x00000000d6f00000)
  object space 89600K, 25% used [0x0000000084c00000,0x000000008623d5f0,0x000000008a380000)
 Metaspace       used 35423K, capacity 35680K, committed 35928K, reserved 1081344K
  class space    used 4367K, capacity 4449K, committed 4480K, reserved 1048576K
Event: 29.556 GC heap after
Heap after GC invocations=10 (full 3):
 PSYoungGen      total 134144K, used 0K [0x00000000d6f00000, 0x00000000e6900000, 0x0000000100000000)
  eden space 115712K, 0% used [0x00000000d6f00000,0x00000000d6f00000,0x00000000de000000)
  from space 18432K, 0% used [0x00000000de000000,0x00000000de000000,0x00000000df200000)
  to   space 18432K, 0% used [0x00000000e5700000,0x00000000e5700000,0x00000000e6900000)
 ParOldGen       total 89600K, used 22898K [0x0000000084c00000, 0x000000008a380000, 0x00000000d6f00000)
  object space 89600K, 25% used [0x0000000084c00000,0x000000008625c820,0x000000008a380000)
 Metaspace       used 35423K, capacity 35680K, committed 35928K, reserved 1081344K
  class space    used 4367K, capacity 4449K, committed 4480K, reserved 1048576K
}

