# JRE version: OpenJDK Runtime Environment (8.0_412-b08) (build 1.8.0_412-412-b08)
# Java VM: OpenJDK 64-Bit Server VM (25.412-b08 mixed mode windows-amd64 compressed oops)
Heap:
 PSYoungGen      total 55296K, used 11045K [0x00000000d6f00000, 0x00000000dbf80000, 0x0000000100000000)
  eden space 30208K, 36% used [0x00000000d6f00000,0x00000000d79c94a8,0x00000000d8c80000)
  from space 25088K, 0% used [0x00000000da700000,0x00000000da700000,0x00000000dbf80000)
  to   space 26112K, 0% used [0x00000000d8c80000,0x00000000d8c80000,0x00000000da600000)
 ParOldGen       total 76288K, used 23353K [0x0000000084c00000, 0x0000000089680000, 0x00000000d6f00000)
  object space 76288K, 30% used [0x0000000084c00000,0x00000000862ce448,0x0000000089680000)
 Metaspace       used 37019K, capacity 37362K, committed 37720K, reserved 1083392K
  class space    used 4574K, capacity 4684K, committed 4696K, reserved 1048576K
GC Heap History (10 events):
Event: 56.745 GC heap before
{Heap before GC invocations=7 (full 1):
 PSYoungGen      total 36352K, used 29497K [0x00000000d6f00000, 0x00000000dc980000, 0x0000000100000000)
  eden space 31232K, 78% used [0x00000000d6f00000,0x00000000d86d4130,0x00000000d8d80000)
  from space 5120K, 99% used [0x00000000d8e00000,0x00000000d92fa598,0x00000000d9300000)
  to   space 30720K, 0% used [0x00000000dab80000,0x00000000dab80000,0x00000000dc980000)
 ParOldGen       total 81920K, used 21379K [0x0000000084c00000, 0x0000000089c00000, 0x00000000d6f00000)
  object space 81920K, 26% used [0x0000000084c00000,0x00000000860e0d18,0x0000000089c00000)
 Metaspace       used 34683K, capacity 35044K, committed 35416K, reserved 1081344K
  class space    used 4225K, capacity 4363K, committed 4440K, reserved 1048576K
Event: 56.750 GC heap after
Heap after GC invocations=7 (full 1):
 PSYoungGen      total 56832K, used 6101K [0x00000000d6f00000, 0x00000000dc500000, 0x0000000100000000)
  eden space 30720K, 0% used [0x00000000d6f00000,0x00000000d6f00000,0x00000000d8d00000)
  from space 26112K, 23% used [0x00000000dab80000,0x00000000db175798,0x00000000dc500000)
  to   space 28672K, 0% used [0x00000000d8d00000,0x00000000d8d00000,0x00000000da900000)
 ParOldGen       total 81920K, used 21387K [0x0000000084c00000, 0x0000000089c00000, 0x00000000d6f00000)
  object space 81920K, 26% used [0x0000000084c00000,0x00000000860e2d18,0x0000000089c00000)
 Metaspace       used 34683K, capacity 35044K, committed 35416K, reserved 1081344K
  class space    used 4225K, capacity 4363K, committed 4440K, reserved 1048576K
}
Event: 56.750 GC heap before
{Heap before GC invocations=8 (full 2):
 PSYoungGen      total 56832K, used 6101K [0x00000000d6f00000, 0x00000000dc500000, 0x0000000100000000)
  eden space 30720K, 0% used [0x00000000d6f00000,0x00000000d6f00000,0x00000000d8d00000)
  from space 26112K, 23% used [0x00000000dab80000,0x00000000db175798,0x00000000dc500000)
  to   space 28672K, 0% used [0x00000000d8d00000,0x00000000d8d00000,0x00000000da900000)
 ParOldGen       total 81920K, used 21387K [0x0000000084c00000, 0x0000000089c00000, 0x00000000d6f00000)
  object space 81920K, 26% used [0x0000000084c00000,0x00000000860e2d18,0x0000000089c00000)
 Metaspace       used 34683K, capacity 35044K, committed 35416K, reserved 1081344K
  class space    used 4225K, capacity 4363K, committed 4440K, reserved 1048576K
Event: 56.779 GC heap after
Heap after GC invocations=8 (full 2):
 PSYoungGen      total 56832K, used 0K [0x00000000d6f00000, 0x00000000dc500000, 0x0000000100000000)
  eden space 30720K, 0% used [0x00000000d6f00000,0x00000000d6f00000,0x00000000d8d00000)
  from space 26112K, 0% used [0x00000000dab80000,0x00000000dab80000,0x00000000dc500000)
  to   space 28672K, 0% used [0x00000000d8d00000,0x00000000d8d00000,0x00000000da900000)
 ParOldGen       total 76288K, used 20556K [0x0000000084c00000, 0x0000000089680000, 0x00000000d6f00000)
  object space 76288K, 26% used [0x0000000084c00000,0x0000000086013100,0x0000000089680000)
 Metaspace       used 34683K, capacity 35044K, committed 35416K, reserved 1081344K
  class space    used 4225K, capacity 4363K, committed 4440K, reserved 1048576K
}
Event: 73.906 GC heap before
{Heap before GC invocations=9 (full 2):
 PSYoungGen      total 56832K, used 30720K [0x00000000d6f00000, 0x00000000dc500000, 0x0000000100000000)
  eden space 30720K, 100% used [0x00000000d6f00000,0x00000000d8d00000,0x00000000d8d00000)
  from space 26112K, 0% used [0x00000000dab80000,0x00000000dab80000,0x00000000dc500000)
  to   space 28672K, 0% used [0x00000000d8d00000,0x00000000d8d00000,0x00000000da900000)
 ParOldGen       total 76288K, used 20556K [0x0000000084c00000, 0x0000000089680000, 0x00000000d6f00000)
  object space 76288K, 26% used [0x0000000084c00000,0x0000000086013100,0x0000000089680000)
 Metaspace       used 36575K, capacity 36900K, committed 37464K, reserved 1081344K
  class space    used 4505K, capacity 4619K, committed 4696K, reserved 1048576K
Event: 73.908 GC heap after
Heap after GC invocations=9 (full 2):
 PSYoungGen      total 36864K, used 6418K [0x00000000d6f00000, 0x00000000dc180000, 0x0000000100000000)
  eden space 30208K, 0% used [0x00000000d6f00000,0x00000000d6f00000,0x00000000d8c80000)
  from space 6656K, 96% used [0x00000000d8d00000,0x00000000d9344a38,0x00000000d9380000)
  to   space 27136K, 0% used [0x00000000da700000,0x00000000da700000,0x00000000dc180000)
 ParOldGen       total 76288K, used 20564K [0x0000000084c00000, 0x0000000089680000, 0x00000000d6f00000)
  object space 76288K, 26% used [0x0000000084c00000,0x0000000086015100,0x0000000089680000)
 Metaspace       used 36575K, capacity 36900K, committed 37464K, reserved 1081344K
  class space    used 4505K, capacity 4619K, committed 4696K, reserved 1048576K
}
Event: 76.175 GC heap before
{Heap before GC invocations=10 (full 2):
 PSYoungGen      total 36864K, used 9120K [0x00000000d6f00000, 0x00000000dc180000, 0x0000000100000000)
  eden space 30208K, 8% used [0x00000000d6f00000,0x00000000d71a3790,0x00000000d8c80000)
  from space 6656K, 96% used [0x00000000d8d00000,0x00000000d9344a38,0x00000000d9380000)
  to   space 27136K, 0% used [0x00000000da700000,0x00000000da700000,0x00000000dc180000)
 ParOldGen       total 76288K, used 20564K [0x0000000084c00000, 0x0000000089680000, 0x00000000d6f00000)
  object space 76288K, 26% used [0x0000000084c00000,0x0000000086015100,0x0000000089680000)
 Metaspace       used 36597K, capacity 36972K, committed 37464K, reserved 1081344K
  class space    used 4505K, capacity 4619K, committed 4696K, reserved 1048576K
Event: 76.177 GC heap after
Heap after GC invocations=10 (full 2):
 PSYoungGen      total 55296K, used 6371K [0x00000000d6f00000, 0x00000000dbf80000, 0x0000000100000000)
  eden space 30208K, 0% used [0x00000000d6f00000,0x00000000d6f00000,0x00000000d8c80000)
  from space 25088K, 25% used [0x00000000da700000,0x00000000dad38e90,0x00000000dbf80000)
  to   space 26112K, 0% used [0x00000000d8c80000,0x00000000d8c80000,0x00000000da600000)
 ParOldGen       total 76288K, used 20572K [0x0000000084c00000, 0x0000000089680000, 0x00000000d6f00000)
  object space 76288K, 26% used [0x0000000084c00000,0x0000000086017100,0x0000000089680000)
 Metaspace       used 36597K, capacity 36972K, committed 37464K, reserved 1081344K
  class space    used 4505K, capacity 4619K, committed 4696K, reserved 1048576K
}
Event: 76.177 GC heap before
{Heap before GC invocations=11 (full 3):
 PSYoungGen      total 55296K, used 6371K [0x00000000d6f00000, 0x00000000dbf80000, 0x0000000100000000)
  eden space 30208K, 0% used [0x00000000d6f00000,0x00000000d6f00000,0x00000000d8c80000)
  from space 25088K, 25% used [0x00000000da700000,0x00000000dad38e90,0x00000000dbf80000)
  to   space 26112K, 0% used [0x00000000d8c80000,0x00000000d8c80000,0x00000000da600000)
 ParOldGen       total 76288K, used 20572K [0x0000000084c00000, 0x0000000089680000, 0x00000000d6f00000)
  object space 76288K, 26% used [0x0000000084c00000,0x0000000086017100,0x0000000089680000)
 Metaspace       used 36597K, capacity 36972K, committed 37464K, reserved 1081344K
  class space    used 4505K, capacity 4619K, committed 4696K, reserved 1048576K
Event: 76.252 GC heap after
Heap after GC invocations=11 (full 3):
 PSYoungGen      total 55296K, used 0K [0x00000000d6f00000, 0x00000000dbf80000, 0x0000000100000000)
  eden space 30208K, 0% used [0x00000000d6f00000,0x00000000d6f00000,0x00000000d8c80000)
  from space 25088K, 0% used [0x00000000da700000,0x00000000da700000,0x00000000dbf80000)
  to   space 26112K, 0% used [0x00000000d8c80000,0x00000000d8c80000,0x00000000da600000)
 ParOldGen       total 76288K, used 23353K [0x0000000084c00000, 0x0000000089680000, 0x00000000d6f00000)
  object space 76288K, 30% used [0x0000000084c00000,0x00000000862ce448,0x0000000089680000)
 Metaspace       used 36597K, capacity 36972K, committed 37464K, reserved 1081344K
  class space    used 4505K, capacity 4619K, committed 4696K, reserved 1048576K
}

